  [1m[35m (379.5ms)[0m  [1m[35mCREATE DATABASE "cats_99_development" ENCODING = 'unicode'[0m
  ↳ bin/rails:9
  [1m[35m (254.6ms)[0m  [1m[35mCREATE DATABASE "cats_99_test" ENCODING = 'unicode'[0m
  ↳ bin/rails:9
  [1m[35m (38.7ms)[0m  [1m[35mCREATE TABLE "schema_migrations" ("version" character varying NOT NULL PRIMARY KEY)[0m
  ↳ bin/rails:9
  [1m[35m (5.7ms)[0m  [1m[35mCREATE TABLE "ar_internal_metadata" ("key" character varying NOT NULL PRIMARY KEY, "value" character varying, "created_at" timestamp NOT NULL, "updated_at" timestamp NOT NULL)[0m
  ↳ bin/rails:9
  [1m[35m (0.9ms)[0m  [1m[34mSELECT pg_try_advisory_lock(2260121364129154575)[0m
  ↳ bin/rails:9
  [1m[35m (1.1ms)[0m  [1m[34mSELECT "schema_migrations"."version" FROM "schema_migrations" ORDER BY "schema_migrations"."version" ASC[0m
  ↳ bin/rails:9
Migrating to CreateCats (20200124213841)
  [1m[35m (0.9ms)[0m  [1m[35mBEGIN[0m
  ↳ bin/rails:9
  [1m[35m (12.5ms)[0m  [1m[35mCREATE TABLE "cats" ("id" bigserial primary key, "birth_date" date NOT NULL, "age" integer NOT NULL, "color" character varying NOT NULL, "name" character varying NOT NULL, "sex" character varying(1) NOT NULL, "description" text NOT NULL, "created_at" timestamp NOT NULL, "updated_at" timestamp NOT NULL)[0m
  ↳ db/migrate/20200124213841_create_cats.rb:4
  [1m[36mActiveRecord::SchemaMigration Create (5.4ms)[0m  [1m[32mINSERT INTO "schema_migrations" ("version") VALUES ($1) RETURNING "version"[0m  [["version", "20200124213841"]]
  ↳ bin/rails:9
  [1m[35m (0.9ms)[0m  [1m[35mCOMMIT[0m
  ↳ bin/rails:9
  [1m[36mActiveRecord::InternalMetadata Load (0.6ms)[0m  [1m[34mSELECT  "ar_internal_metadata".* FROM "ar_internal_metadata" WHERE "ar_internal_metadata"."key" = $1 LIMIT $2[0m  [["key", "environment"], ["LIMIT", 1]]
  ↳ bin/rails:9
  [1m[35m (0.2ms)[0m  [1m[35mBEGIN[0m
  ↳ bin/rails:9
  [1m[36mActiveRecord::InternalMetadata Create (1.3ms)[0m  [1m[32mINSERT INTO "ar_internal_metadata" ("key", "value", "created_at", "updated_at") VALUES ($1, $2, $3, $4) RETURNING "key"[0m  [["key", "environment"], ["value", "development"], ["created_at", "2020-01-24 21:49:41.775947"], ["updated_at", "2020-01-24 21:49:41.775947"]]
  ↳ bin/rails:9
  [1m[35m (0.4ms)[0m  [1m[35mCOMMIT[0m
  ↳ bin/rails:9
  [1m[35m (0.4ms)[0m  [1m[34mSELECT pg_advisory_unlock(2260121364129154575)[0m
  ↳ bin/rails:9
  [1m[35m (0.5ms)[0m  [1m[34mSELECT "schema_migrations"."version" FROM "schema_migrations" ORDER BY "schema_migrations"."version" ASC[0m
  ↳ bin/rails:9
  [1m[35m (1.1ms)[0m  [1m[34mSELECT "schema_migrations"."version" FROM "schema_migrations" ORDER BY "schema_migrations"."version" ASC[0m
  ↳ /Users/appacademy/.rbenv/versions/2.5.1/bin/annotate:23
  [1m[35m (0.3ms)[0m  [1m[35mBEGIN[0m
  [1m[36mCat Create (1.7ms)[0m  [1m[32mINSERT INTO "cats" ("birth_date", "age", "color", "name", "sex", "description", "created_at", "updated_at") VALUES ($1, $2, $3, $4, $5, $6, $7, $8) RETURNING "id"[0m  [["birth_date", "2015-06-07"], ["age", 4], ["color", "black"], ["name", "Cat"], ["sex", "M"], ["description", "TEST CAT"], ["created_at", "2020-01-24 22:15:47.251652"], ["updated_at", "2020-01-24 22:15:47.251652"]]
  [1m[35m (0.7ms)[0m  [1m[35mCOMMIT[0m
  [1m[36mCat Load (2.9ms)[0m  [1m[34mSELECT "cats".* FROM "cats"[0m
  [1m[35m (0.2ms)[0m  [1m[35mBEGIN[0m
  [1m[36mCat Create (0.9ms)[0m  [1m[32mINSERT INTO "cats" ("birth_date", "age", "color", "name", "sex", "description", "created_at", "updated_at") VALUES ($1, $2, $3, $4, $5, $6, $7, $8) RETURNING "id"[0m  [["birth_date", "2015-06-07"], ["age", 4], ["color", "black"], ["name", "Cat"], ["sex", "M"], ["description", "TEST CAT"], ["created_at", "2020-01-24 22:16:54.357249"], ["updated_at", "2020-01-24 22:16:54.357249"]]
  [1m[35m (2.1ms)[0m  [1m[35mCOMMIT[0m
  [1m[35m (0.2ms)[0m  [1m[35mBEGIN[0m
  [1m[36mCat Create (0.7ms)[0m  [1m[32mINSERT INTO "cats" ("birth_date", "age", "color", "name", "sex", "description", "created_at", "updated_at") VALUES ($1, $2, $3, $4, $5, $6, $7, $8) RETURNING "id"[0m  [["birth_date", "2015-06-07"], ["age", 4], ["color", "black"], ["name", "Cat"], ["sex", "M"], ["description", "TEST CAT"], ["created_at", "2020-01-24 22:18:00.054699"], ["updated_at", "2020-01-24 22:18:00.054699"]]
  [1m[35m (2.0ms)[0m  [1m[35mCOMMIT[0m
Started GET "/" for ::1 at 2020-01-24 14:40:12 -0800
  [1m[35m (1.1ms)[0m  [1m[34mSELECT "schema_migrations"."version" FROM "schema_migrations" ORDER BY "schema_migrations"."version" ASC[0m
  ↳ /Users/appacademy/.rbenv/versions/2.5.1/lib/ruby/gems/2.5.0/gems/activerecord-5.2.4.1/lib/active_record/log_subscriber.rb:98
Processing by Rails::WelcomeController#index as HTML
  Rendering /Users/appacademy/.rbenv/versions/2.5.1/lib/ruby/gems/2.5.0/gems/railties-5.2.4.1/lib/rails/templates/rails/welcome/index.html.erb
  Rendered /Users/appacademy/.rbenv/versions/2.5.1/lib/ruby/gems/2.5.0/gems/railties-5.2.4.1/lib/rails/templates/rails/welcome/index.html.erb (5.9ms)
Completed 200 OK in 19ms (Views: 14.3ms | ActiveRecord: 0.0ms)


Started GET "/cats" for ::1 at 2020-01-24 14:40:17 -0800
Processing by CatsController#index as HTML
  Rendering cats/index.html.erb within layouts/application
  Rendered cats/index.html.erb within layouts/application (3.0ms)
Completed 500 Internal Server Error in 20ms (ActiveRecord: 0.0ms)



SyntaxError - syntax error, unexpected end-of-input, expecting keyword_end
          end
             ^:
  app/views/cats/index.html.erb:21:in `'
  app/controllers/cats_controller.rb:4:in `index'

Started POST "/__better_errors/c8d68db9e21e3e3c/variables" for ::1 at 2020-01-24 14:40:17 -0800
Started POST "/__better_errors/c8d68db9e21e3e3c/variables" for ::1 at 2020-01-24 14:40:23 -0800
  [1m[36mCat Load (0.6ms)[0m  [1m[34mSELECT  "cats".* FROM "cats" LIMIT $1[0m  [["LIMIT", 11]]
  ↳ /Users/appacademy/.rbenv/versions/2.5.1/lib/ruby/gems/2.5.0/gems/activerecord-5.2.4.1/lib/active_record/log_subscriber.rb:98
  [1m[36mCACHE Cat Load (0.0ms)[0m  [1m[34mSELECT  "cats".* FROM "cats" LIMIT $1[0m  [["LIMIT", 11]]
  ↳ /Users/appacademy/.rbenv/versions/2.5.1/lib/ruby/gems/2.5.0/gems/activerecord-5.2.4.1/lib/active_record/log_subscriber.rb:98
  [1m[36mCACHE Cat Load (0.0ms)[0m  [1m[34mSELECT  "cats".* FROM "cats" LIMIT $1[0m  [["LIMIT", 11]]
  ↳ /Users/appacademy/.rbenv/versions/2.5.1/lib/ruby/gems/2.5.0/gems/activerecord-5.2.4.1/lib/active_record/log_subscriber.rb:98
Started GET "/cats" for ::1 at 2020-01-24 14:40:48 -0800
Processing by CatsController#index as HTML
  Rendering cats/index.html.erb within layouts/application
  [1m[36mCat Load (1.3ms)[0m  [1m[34mSELECT "cats".* FROM "cats"[0m
  ↳ app/views/cats/index.html.erb:4
  Rendered cats/index.html.erb within layouts/application (4.5ms)
Completed 200 OK in 772ms (Views: 770.8ms | ActiveRecord: 1.3ms)


Started GET "/cats/1" for ::1 at 2020-01-24 14:40:51 -0800

AbstractController::ActionNotFound - The action 'show' could not be found for CatsController:

Started POST "/__better_errors/cb7ceda1085fbd2a/variables" for ::1 at 2020-01-24 14:40:51 -0800
  [1m[36mCat Load (1.5ms)[0m  [1m[34mSELECT "cats".* FROM "cats"[0m
Started GET "/cats" for ::1 at 2020-01-24 14:41:35 -0800
Processing by CatsController#index as HTML
  Rendering cats/index.html.erb within layouts/application
  [1m[36mCat Load (1.8ms)[0m  [1m[34mSELECT "cats".* FROM "cats"[0m
  ↳ app/views/cats/index.html.erb:4
  Rendered cats/index.html.erb within layouts/application (5.5ms)
Completed 200 OK in 38ms (Views: 35.4ms | ActiveRecord: 1.8ms)


Started GET "/cats/1" for ::1 at 2020-01-24 14:41:36 -0800

AbstractController::ActionNotFound - The action 'show' could not be found for CatsController:

Started POST "/__better_errors/782bd0a0f2cb7e69/variables" for ::1 at 2020-01-24 14:41:36 -0800
Started GET "/cats/1" for ::1 at 2020-01-24 14:41:38 -0800

AbstractController::ActionNotFound - The action 'show' could not be found for CatsController:

Started POST "/__better_errors/72146991261b9985/variables" for ::1 at 2020-01-24 14:41:38 -0800
Started GET "/cats" for ::1 at 2020-01-24 14:41:42 -0800
Processing by CatsController#index as HTML
  Rendering cats/index.html.erb within layouts/application
  [1m[36mCat Load (0.6ms)[0m  [1m[34mSELECT "cats".* FROM "cats"[0m
  ↳ app/views/cats/index.html.erb:4
  Rendered cats/index.html.erb within layouts/application (3.7ms)
Completed 200 OK in 40ms (Views: 38.7ms | ActiveRecord: 0.6ms)


Started GET "/cats/1" for ::1 at 2020-01-24 14:41:45 -0800

AbstractController::ActionNotFound - The action 'show' could not be found for CatsController:

Started POST "/__better_errors/584fc7f09230a384/variables" for ::1 at 2020-01-24 14:41:45 -0800
Started GET "/cats" for ::1 at 2020-01-24 14:42:06 -0800
Processing by CatsController#index as HTML
  Rendering cats/index.html.erb within layouts/application
  [1m[36mCat Load (0.7ms)[0m  [1m[34mSELECT "cats".* FROM "cats"[0m
  ↳ app/views/cats/index.html.erb:4
  Rendered cats/index.html.erb within layouts/application (4.0ms)
Completed 200 OK in 37ms (Views: 36.4ms | ActiveRecord: 0.7ms)


Started GET "/cats" for ::1 at 2020-01-24 14:42:09 -0800
Processing by CatsController#index as HTML
  Rendering cats/index.html.erb within layouts/application
  [1m[36mCat Load (0.5ms)[0m  [1m[34mSELECT "cats".* FROM "cats"[0m
  ↳ app/views/cats/index.html.erb:4
  Rendered cats/index.html.erb within layouts/application (4.1ms)
Completed 200 OK in 50ms (Views: 49.3ms | ActiveRecord: 0.5ms)


Started GET "/cats" for ::1 at 2020-01-24 14:46:33 -0800
Processing by CatsController#index as HTML
  Rendering cats/index.html.erb within layouts/application
  [1m[36mCat Load (1.1ms)[0m  [1m[34mSELECT "cats".* FROM "cats"[0m
  ↳ app/views/cats/index.html.erb:4
  Rendered cats/index.html.erb within layouts/application (35.7ms)
Completed 200 OK in 78ms (Views: 57.1ms | ActiveRecord: 15.9ms)


Started GET "/cats/1" for ::1 at 2020-01-24 14:46:35 -0800
Processing by CatsController#show as HTML
  Parameters: {"id"=>"1"}
  [1m[36mCat Load (0.7ms)[0m  [1m[34mSELECT  "cats".* FROM "cats" WHERE "cats"."id" = $1 LIMIT $2[0m  [["id", 1], ["LIMIT", 1]]
  ↳ app/controllers/cats_controller.rb:8
  Rendering cats/show.html.erb within layouts/application
  Rendered cats/show.html.erb within layouts/application (1.1ms)
Completed 200 OK in 62ms (Views: 52.5ms | ActiveRecord: 1.2ms)


Started GET "/cats" for ::1 at 2020-01-24 14:46:41 -0800
Processing by CatsController#index as HTML
  Rendering cats/index.html.erb within layouts/application
  [1m[36mCat Load (0.7ms)[0m  [1m[34mSELECT "cats".* FROM "cats"[0m
  ↳ app/views/cats/index.html.erb:4
  Rendered cats/index.html.erb within layouts/application (3.3ms)
Completed 200 OK in 38ms (Views: 37.4ms | ActiveRecord: 0.7ms)


Started GET "/cats/1" for ::1 at 2020-01-24 14:49:09 -0800
Processing by CatsController#show as HTML
  Parameters: {"id"=>"1"}
  [1m[36mCat Load (0.6ms)[0m  [1m[34mSELECT  "cats".* FROM "cats" WHERE "cats"."id" = $1 LIMIT $2[0m  [["id", 1], ["LIMIT", 1]]
  ↳ app/controllers/cats_controller.rb:8
  Rendering cats/show.html.erb within layouts/application
  Rendered cats/show.html.erb within layouts/application (1.0ms)
Completed 200 OK in 34ms (Views: 32.5ms | ActiveRecord: 0.6ms)


Started GET "/cats/1" for ::1 at 2020-01-24 14:49:24 -0800
Processing by CatsController#show as HTML
  Parameters: {"id"=>"1"}
  [1m[36mCat Load (0.8ms)[0m  [1m[34mSELECT  "cats".* FROM "cats" WHERE "cats"."id" = $1 LIMIT $2[0m  [["id", 1], ["LIMIT", 1]]
  ↳ app/controllers/cats_controller.rb:8
  Rendering cats/show.html.erb within layouts/application
  Rendered cats/show.html.erb within layouts/application (1.4ms)
Completed 200 OK in 32ms (Views: 29.5ms | ActiveRecord: 0.8ms)


Started GET "/cats/1" for ::1 at 2020-01-24 14:49:46 -0800
Processing by CatsController#show as HTML
  Parameters: {"id"=>"1"}
  [1m[36mCat Load (0.7ms)[0m  [1m[34mSELECT  "cats".* FROM "cats" WHERE "cats"."id" = $1 LIMIT $2[0m  [["id", 1], ["LIMIT", 1]]
  ↳ app/controllers/cats_controller.rb:8
  Rendering cats/show.html.erb within layouts/application
  Rendered cats/show.html.erb within layouts/application (1.2ms)
Completed 200 OK in 31ms (Views: 29.1ms | ActiveRecord: 0.7ms)


Started GET "/cats/1" for ::1 at 2020-01-24 14:52:00 -0800
Processing by CatsController#show as HTML
  Parameters: {"id"=>"1"}
  [1m[36mCat Load (0.8ms)[0m  [1m[34mSELECT  "cats".* FROM "cats" WHERE "cats"."id" = $1 LIMIT $2[0m  [["id", 1], ["LIMIT", 1]]
  ↳ app/controllers/cats_controller.rb:8
  Rendering cats/show.html.erb within layouts/application
  Rendered cats/show.html.erb within layouts/application (1.0ms)
Completed 200 OK in 32ms (Views: 29.7ms | ActiveRecord: 0.8ms)


Started GET "/cats/new" for ::1 at 2020-01-24 15:10:18 -0800
Processing by CatsController#new as HTML
  Rendering cats/new.html.erb within layouts/application
  Rendered cats/new.html.erb within layouts/application (0.8ms)
Completed 200 OK in 30ms (Views: 30.1ms | ActiveRecord: 0.0ms)


Started GET "/cats/new" for ::1 at 2020-01-24 15:10:41 -0800
Processing by CatsController#new as HTML
  Rendering cats/new.html.erb within layouts/application
  Rendered cats/new.html.erb within layouts/application (0.8ms)
Completed 200 OK in 33ms (Views: 32.5ms | ActiveRecord: 0.0ms)


Started GET "/cats/new" for ::1 at 2020-01-24 15:10:43 -0800
Processing by CatsController#new as HTML
  Rendering cats/new.html.erb within layouts/application
  Rendered cats/new.html.erb within layouts/application (0.7ms)
Completed 200 OK in 29ms (Views: 28.4ms | ActiveRecord: 0.0ms)


Started GET "/cats/new" for ::1 at 2020-01-24 15:13:08 -0800
Processing by CatsController#new as HTML
  Rendering cats/new.html.erb within layouts/application
  Rendered cats/new.html.erb within layouts/application (0.5ms)
Completed 200 OK in 30ms (Views: 29.5ms | ActiveRecord: 0.0ms)


Started GET "/cats/new" for ::1 at 2020-01-24 15:13:28 -0800
Processing by CatsController#new as HTML
  Rendering cats/new.html.erb within layouts/application
  Rendered cats/new.html.erb within layouts/application (0.5ms)
Completed 200 OK in 30ms (Views: 29.6ms | ActiveRecord: 0.0ms)


Started GET "/cats/new" for ::1 at 2020-01-24 15:13:47 -0800
Processing by CatsController#new as HTML
  Rendering cats/new.html.erb within layouts/application
  Rendered cats/new.html.erb within layouts/application (1.0ms)
Completed 200 OK in 44ms (Views: 43.2ms | ActiveRecord: 0.0ms)


Started GET "/cats/new" for ::1 at 2020-01-24 15:14:44 -0800
Processing by CatsController#new as HTML
  Rendering cats/new.html.erb within layouts/application
  Rendered cats/new.html.erb within layouts/application (0.8ms)
Completed 200 OK in 34ms (Views: 33.8ms | ActiveRecord: 0.0ms)


Started GET "/cats/new" for ::1 at 2020-01-24 15:15:05 -0800
Processing by CatsController#new as HTML
  Rendering cats/new.html.erb within layouts/application
  Rendered cats/new.html.erb within layouts/application (0.5ms)
Completed 200 OK in 27ms (Views: 26.4ms | ActiveRecord: 0.0ms)


Started GET "/cats/new" for ::1 at 2020-01-24 15:15:16 -0800
Processing by CatsController#new as HTML
  Rendering cats/new.html.erb within layouts/application
  Rendered cats/new.html.erb within layouts/application (0.6ms)
Completed 200 OK in 30ms (Views: 30.1ms | ActiveRecord: 0.0ms)


Started GET "/cats/new" for ::1 at 2020-01-24 15:15:16 -0800
Processing by CatsController#new as HTML
  Rendering cats/new.html.erb within layouts/application
  Rendered cats/new.html.erb within layouts/application (0.6ms)
Completed 200 OK in 28ms (Views: 28.3ms | ActiveRecord: 0.0ms)


Started GET "/cats/new" for ::1 at 2020-01-24 15:15:32 -0800
Processing by CatsController#new as HTML
  Rendering cats/new.html.erb within layouts/application
  Rendered cats/new.html.erb within layouts/application (0.8ms)
Completed 200 OK in 35ms (Views: 35.1ms | ActiveRecord: 0.0ms)


Started GET "/cats/new" for ::1 at 2020-01-24 15:15:33 -0800
Processing by CatsController#new as HTML
  Rendering cats/new.html.erb within layouts/application
  Rendered cats/new.html.erb within layouts/application (0.6ms)
Completed 200 OK in 37ms (Views: 37.2ms | ActiveRecord: 0.0ms)


Started GET "/cats/new" for ::1 at 2020-01-24 15:15:33 -0800
Processing by CatsController#new as HTML
  Rendering cats/new.html.erb within layouts/application
  Rendered cats/new.html.erb within layouts/application (0.6ms)
Completed 200 OK in 29ms (Views: 28.5ms | ActiveRecord: 0.0ms)


Started GET "/cats/new" for ::1 at 2020-01-24 15:19:32 -0800
Processing by CatsController#new as HTML
  Rendering cats/new.html.erb within layouts/application
  Rendered cats/new.html.erb within layouts/application (12.6ms)
Completed 200 OK in 112ms (Views: 110.0ms | ActiveRecord: 0.0ms)


Started GET "/cats/new" for ::1 at 2020-01-24 15:19:42 -0800
Processing by CatsController#new as HTML
  Rendering cats/new.html.erb within layouts/application
  Rendered cats/new.html.erb within layouts/application (1.0ms)
Completed 200 OK in 37ms (Views: 36.9ms | ActiveRecord: 0.0ms)


Started GET "/cats/new" for ::1 at 2020-01-24 15:20:29 -0800
Processing by CatsController#new as HTML
  Rendering cats/new.html.erb within layouts/application
  Rendered cats/new.html.erb within layouts/application (0.8ms)
Completed 200 OK in 38ms (Views: 38.3ms | ActiveRecord: 0.0ms)


Started GET "/cats/new" for ::1 at 2020-01-24 15:20:37 -0800
Processing by CatsController#new as HTML
  Rendering cats/new.html.erb within layouts/application
  Rendered cats/new.html.erb within layouts/application (1.1ms)
Completed 200 OK in 40ms (Views: 39.7ms | ActiveRecord: 0.0ms)


Started POST "/cats" for ::1 at 2020-01-24 15:24:50 -0800
Processing by CatsController#create as HTML
  Parameters: {"cat"=>{"name"=>"Garfield", "birth_date"=>"2020-01-02", "color"=>"orange", "description"=>"lasgna"}, "gender"=>"M"}
  [1m[35m (0.3ms)[0m  [1m[35mBEGIN[0m
  ↳ app/controllers/cats_controller.rb:22
  [1m[35m (0.8ms)[0m  [1m[31mROLLBACK[0m
  ↳ app/controllers/cats_controller.rb:22
  Rendering cats/new.html.erb within layouts/application
  Rendered cats/new.html.erb within layouts/application (0.8ms)
Completed 200 OK in 121ms (Views: 44.2ms | ActiveRecord: 17.6ms)


Started POST "/cats" for ::1 at 2020-01-24 15:25:46 -0800
Processing by CatsController#create as HTML
  Parameters: {"cat"=>{"name"=>"asdf", "birth_date"=>"2020-01-01", "color"=>"white", "description"=>"adsfasdf"}, "gender"=>"F"}
Completed 500 Internal Server Error in 29ms (ActiveRecord: 10.9ms)



RuntimeError - :
  app/controllers/cats_controller.rb:21:in `create'

Started POST "/__better_errors/d11612a6facdb9fa/variables" for ::1 at 2020-01-24 15:25:46 -0800
Started POST "/__better_errors/d11612a6facdb9fa/eval" for ::1 at 2020-01-24 15:25:59 -0800
Started POST "/__better_errors/d11612a6facdb9fa/eval" for ::1 at 2020-01-24 15:26:06 -0800
Started POST "/__better_errors/d11612a6facdb9fa/eval" for ::1 at 2020-01-24 15:26:09 -0800
Started POST "/__better_errors/d11612a6facdb9fa/eval" for ::1 at 2020-01-24 15:26:52 -0800
  [1m[35m (0.3ms)[0m  [1m[35mBEGIN[0m
  ↳ app/controllers/cats_controller.rb:21
  [1m[35m (0.2ms)[0m  [1m[31mROLLBACK[0m
  ↳ app/controllers/cats_controller.rb:21
Started POST "/__better_errors/d11612a6facdb9fa/eval" for ::1 at 2020-01-24 15:26:59 -0800
  [1m[35m (0.2ms)[0m  [1m[35mBEGIN[0m
  ↳ app/controllers/cats_controller.rb:21
  [1m[35m (0.3ms)[0m  [1m[31mROLLBACK[0m
  ↳ app/controllers/cats_controller.rb:21
Started GET "/cats/new" for ::1 at 2020-01-24 15:27:48 -0800
Processing by CatsController#new as HTML
  Rendering cats/new.html.erb within layouts/application
  Rendered cats/new.html.erb within layouts/application (0.9ms)
Completed 200 OK in 53ms (Views: 52.9ms | ActiveRecord: 0.0ms)


Started POST "/cats" for ::1 at 2020-01-24 15:28:12 -0800
Processing by CatsController#create as HTML
  Parameters: {"cat"=>{"name"=>"Garfield", "birth_date"=>"2020-09-09", "color"=>"orange", "sex"=>"M", "description"=>"Test"}}
  [1m[35m (0.3ms)[0m  [1m[35mBEGIN[0m
  ↳ app/controllers/cats_controller.rb:22
  [1m[36mCat Create (5.2ms)[0m  [1m[32mINSERT INTO "cats" ("birth_date", "color", "name", "sex", "description", "created_at", "updated_at") VALUES ($1, $2, $3, $4, $5, $6, $7) RETURNING "id"[0m  [["birth_date", "2020-09-09"], ["color", "orange"], ["name", "Garfield"], ["sex", "M"], ["description", "Test"], ["created_at", "2020-01-24 23:28:12.678767"], ["updated_at", "2020-01-24 23:28:12.678767"]]
  ↳ app/controllers/cats_controller.rb:22
  [1m[35m (0.3ms)[0m  [1m[31mROLLBACK[0m
  ↳ app/controllers/cats_controller.rb:22
Completed 500 Internal Server Error in 47ms (ActiveRecord: 15.6ms)



PG::NotNullViolation - ERROR:  null value in column "age" violates not-null constraint
DETAIL:  Failing row contains (4, 2020-09-09, null, orange, Garfield, M, Test, 2020-01-24 23:28:12.678767, 2020-01-24 23:28:12.678767).
:
  app/controllers/cats_controller.rb:22:in `create'

Started POST "/__better_errors/a65b20c29a187518/variables" for ::1 at 2020-01-24 15:28:12 -0800
Started POST "/cats" for ::1 at 2020-01-24 15:28:39 -0800
Processing by CatsController#create as HTML
  Parameters: {"cat"=>{"name"=>"Garfield", "birth_date"=>"2020-01-01", "color"=>"orange", "sex"=>"M", "description"=>"Test"}}
  [1m[35m (1.1ms)[0m  [1m[35mBEGIN[0m
  ↳ app/controllers/cats_controller.rb:22
  [1m[36mCat Create (3.1ms)[0m  [1m[32mINSERT INTO "cats" ("birth_date", "color", "name", "sex", "description", "created_at", "updated_at") VALUES ($1, $2, $3, $4, $5, $6, $7) RETURNING "id"[0m  [["birth_date", "2020-01-01"], ["color", "orange"], ["name", "Garfield"], ["sex", "M"], ["description", "Test"], ["created_at", "2020-01-24 23:28:39.589833"], ["updated_at", "2020-01-24 23:28:39.589833"]]
  ↳ app/controllers/cats_controller.rb:22
  [1m[35m (0.3ms)[0m  [1m[31mROLLBACK[0m
  ↳ app/controllers/cats_controller.rb:22
Completed 500 Internal Server Error in 9ms (ActiveRecord: 4.5ms)



PG::NotNullViolation - ERROR:  null value in column "age" violates not-null constraint
DETAIL:  Failing row contains (5, 2020-01-01, null, orange, Garfield, M, Test, 2020-01-24 23:28:39.589833, 2020-01-24 23:28:39.589833).
:
  app/controllers/cats_controller.rb:22:in `create'

Started POST "/__better_errors/b520af7af8720cb2/variables" for ::1 at 2020-01-24 15:28:39 -0800
Started POST "/__better_errors/b520af7af8720cb2/eval" for ::1 at 2020-01-24 15:28:54 -0800
Started POST "/__better_errors/b520af7af8720cb2/eval" for ::1 at 2020-01-24 15:29:01 -0800
  [1m[35m (0.2ms)[0m  [1m[35mBEGIN[0m
  ↳ app/controllers/cats_controller.rb:22
  [1m[36mCat Create (4.1ms)[0m  [1m[32mINSERT INTO "cats" ("birth_date", "color", "name", "sex", "description", "created_at", "updated_at") VALUES ($1, $2, $3, $4, $5, $6, $7) RETURNING "id"[0m  [["birth_date", "2020-01-01"], ["color", "orange"], ["name", "Garfield"], ["sex", "M"], ["description", "Test"], ["created_at", "2020-01-24 23:28:39.589833"], ["updated_at", "2020-01-24 23:28:39.589833"]]
  ↳ app/controllers/cats_controller.rb:22
  [1m[35m (0.2ms)[0m  [1m[31mROLLBACK[0m
  ↳ app/controllers/cats_controller.rb:22
Started GET "/cats/new" for ::1 at 2020-01-24 15:35:27 -0800
Processing by CatsController#new as HTML
  Rendering cats/new.html.erb within layouts/application
  Rendered cats/new.html.erb within layouts/application (1.1ms)
Completed 200 OK in 40ms (Views: 39.9ms | ActiveRecord: 0.0ms)


Started POST "/cats" for ::1 at 2020-01-24 15:35:38 -0800
Processing by CatsController#create as HTML
  Parameters: {"cat"=>{"name"=>"Eric", "birth_date"=>"2020-01-01", "color"=>"orange", "sex"=>"M", "description"=>"test"}}
Completed 500 Internal Server Error in 28ms (ActiveRecord: 7.1ms)



NoMethodError - undefined method `birth_date' for #<Cat not initialized>:
  app/models/cat.rb:37:in `age'
  app/models/cat.rb:32:in `initialize'
  app/controllers/cats_controller.rb:20:in `create'

Started POST "/__better_errors/85b8639b2b0e5de1/variables" for ::1 at 2020-01-24 15:35:38 -0800
Started POST "/cats" for ::1 at 2020-01-24 15:37:17 -0800
Processing by CatsController#create as HTML
  Parameters: {"cat"=>{"name"=>"Eric", "birth_date"=>"2020-01-01", "color"=>"orange", "sex"=>"M", "description"=>"test"}}
Completed 500 Internal Server Error in 9ms (ActiveRecord: 3.8ms)



ArgumentError - wrong number of arguments (given 0, expected 1):
  app/models/cat.rb:36:in `age'
  app/models/cat.rb:32:in `initialize'
  app/controllers/cats_controller.rb:20:in `create'

Started POST "/__better_errors/9b05e10ca50ffa6e/variables" for ::1 at 2020-01-24 15:37:17 -0800
Started POST "/cats" for ::1 at 2020-01-24 15:38:00 -0800
Processing by CatsController#create as HTML
  Parameters: {"cat"=>{"name"=>"Eric", "birth_date"=>"2020-01-01", "color"=>"orange", "sex"=>"M", "description"=>"test"}}
Completed 500 Internal Server Error in 25475ms (ActiveRecord: 3.5ms)



SystemExit - exit:
  (byebug):1:in `initialize'
  app/models/cat.rb:33:in `initialize'
  app/controllers/cats_controller.rb:20:in `create'

Started POST "/__better_errors/721c86b6abd1826b/variables" for ::1 at 2020-01-24 15:38:25 -0800
Started POST "/cats" for ::1 at 2020-01-24 15:38:32 -0800
Processing by CatsController#create as HTML
  Parameters: {"cat"=>{"name"=>"Eric", "birth_date"=>"2020-01-01", "color"=>"orange", "sex"=>"M", "description"=>"test"}}
Completed 500 Internal Server Error in 67ms (ActiveRecord: 4.1ms)



ArgumentError - wrong number of arguments (given 0, expected 1):
  app/models/cat.rb:37:in `age'
  app/models/cat.rb:33:in `initialize'
  app/controllers/cats_controller.rb:20:in `create'

Started POST "/__better_errors/4e4a08df34237e78/variables" for ::1 at 2020-01-24 15:38:33 -0800
Started POST "/cats" for ::1 at 2020-01-24 15:38:57 -0800
Processing by CatsController#create as HTML
  Parameters: {"cat"=>{"name"=>"Eric", "birth_date"=>"2020-01-01", "color"=>"orange", "sex"=>"M", "description"=>"test"}}
Completed 500 Internal Server Error in 103ms (ActiveRecord: 6.5ms)



TypeError - expected numeric:
  app/models/cat.rb:38:in `age'
  app/models/cat.rb:33:in `initialize'
  app/controllers/cats_controller.rb:20:in `create'

Started POST "/__better_errors/8da85043f3bc5383/variables" for ::1 at 2020-01-24 15:38:58 -0800
Started POST "/__better_errors/8da85043f3bc5383/eval" for ::1 at 2020-01-24 15:39:16 -0800
Started POST "/__better_errors/8da85043f3bc5383/eval" for ::1 at 2020-01-24 15:39:20 -0800
Started POST "/__better_errors/8da85043f3bc5383/eval" for ::1 at 2020-01-24 15:39:42 -0800
Started POST "/cats" for ::1 at 2020-01-24 15:39:50 -0800
Processing by CatsController#create as HTML
  Parameters: {"cat"=>{"name"=>"Eric", "birth_date"=>"2020-01-01", "color"=>"orange", "sex"=>"M", "description"=>"test"}}
  [1m[35m (1.7ms)[0m  [1m[35mBEGIN[0m
  ↳ app/controllers/cats_controller.rb:22
  [1m[35m (1.5ms)[0m  [1m[31mROLLBACK[0m
  ↳ app/controllers/cats_controller.rb:22
Completed 500 Internal Server Error in 270ms (ActiveRecord: 15.8ms)



ArgumentError - wrong number of arguments (given 0, expected 1):
  app/models/cat.rb:37:in `age'
  app/controllers/cats_controller.rb:22:in `create'

Started POST "/__better_errors/3e1058d764c9c86e/variables" for ::1 at 2020-01-24 15:39:52 -0800
Started GET "/cats/new" for ::1 at 2020-01-24 15:40:15 -0800
Processing by CatsController#new as HTML
  Rendering cats/new.html.erb within layouts/application
  Rendered cats/new.html.erb within layouts/application (6.5ms)
Completed 200 OK in 434ms (Views: 430.6ms | ActiveRecord: 0.0ms)


Started POST "/__better_errors/b520af7af8720cb2/variables" for ::1 at 2020-01-24 15:40:18 -0800
Started POST "/__better_errors/3e1058d764c9c86e/variables" for ::1 at 2020-01-24 15:40:20 -0800
Started POST "/cats" for ::1 at 2020-01-24 15:40:34 -0800
Processing by CatsController#create as HTML
  Parameters: {"cat"=>{"name"=>"me", "birth_date"=>"2020-01-23", "color"=>"orange", "sex"=>"M", "description"=>"asdf"}}
Started POST "/cats" for ::1 at 2020-01-24 15:42:23 -0800
  [1m[35m (1.1ms)[0m  [1m[34mSELECT "schema_migrations"."version" FROM "schema_migrations" ORDER BY "schema_migrations"."version" ASC[0m
  ↳ /Users/appacademy/.rbenv/versions/2.5.1/lib/ruby/gems/2.5.0/gems/activerecord-5.2.4.1/lib/active_record/log_subscriber.rb:98
Processing by CatsController#create as HTML
  Parameters: {"cat"=>{"name"=>"me", "birth_date"=>"2020-01-23", "color"=>"orange", "sex"=>"M", "description"=>"asdf"}}
  [1m[35m (0.3ms)[0m  [1m[35mBEGIN[0m
  ↳ app/controllers/cats_controller.rb:22
  [1m[35m (0.3ms)[0m  [1m[31mROLLBACK[0m
  ↳ app/controllers/cats_controller.rb:22
Completed 500 Internal Server Error in 47ms (ActiveRecord: 12.4ms)



ArgumentError - wrong number of arguments (given 0, expected 1):
  app/models/cat.rb:37:in `age'
  app/controllers/cats_controller.rb:22:in `create'

Started POST "/__better_errors/a94c4b5c5b58e49f/variables" for ::1 at 2020-01-24 15:42:24 -0800
Started POST "/cats" for ::1 at 2020-01-24 15:43:08 -0800
Processing by CatsController#create as HTML
  Parameters: {"cat"=>{"name"=>"me", "birth_date"=>"2020-01-23", "color"=>"orange", "sex"=>"M", "description"=>"asdf"}}
  [1m[35m (0.3ms)[0m  [1m[35mBEGIN[0m
  ↳ app/controllers/cats_controller.rb:22
  [1m[35m (0.3ms)[0m  [1m[31mROLLBACK[0m
  ↳ app/controllers/cats_controller.rb:22
Completed 500 Internal Server Error in 34ms (ActiveRecord: 10.6ms)



ArgumentError - wrong number of arguments (given 0, expected 1):
  app/models/cat.rb:37:in `age'
  app/controllers/cats_controller.rb:22:in `create'

Started POST "/__better_errors/747ace2bded9d353/variables" for ::1 at 2020-01-24 15:43:08 -0800
Started POST "/cats" for ::1 at 2020-01-24 15:43:29 -0800
Processing by CatsController#create as HTML
  Parameters: {"cat"=>{"name"=>"me", "birth_date"=>"2020-01-23", "color"=>"orange", "sex"=>"M", "description"=>"asdf"}}
Started POST "/cats" for ::1 at 2020-01-24 15:45:56 -0800
  [1m[35m (1.1ms)[0m  [1m[34mSELECT "schema_migrations"."version" FROM "schema_migrations" ORDER BY "schema_migrations"."version" ASC[0m
  ↳ /Users/appacademy/.rbenv/versions/2.5.1/lib/ruby/gems/2.5.0/gems/activerecord-5.2.4.1/lib/active_record/log_subscriber.rb:98
Processing by CatsController#create as HTML
  Parameters: {"cat"=>{"name"=>"me", "birth_date"=>"2020-01-16", "color"=>"cream", "sex"=>"F", "description"=>"asdfasdf"}}
  [1m[35m (0.3ms)[0m  [1m[35mBEGIN[0m
  ↳ app/controllers/cats_controller.rb:22
  [1m[35m (0.7ms)[0m  [1m[31mROLLBACK[0m
  ↳ app/controllers/cats_controller.rb:22
Completed 500 Internal Server Error in 40ms (ActiveRecord: 10.6ms)



ArgumentError - wrong number of arguments (given 0, expected 1):
  app/models/cat.rb:37:in `age'
  app/controllers/cats_controller.rb:22:in `create'

Started POST "/__better_errors/e2ceb533983286a2/variables" for ::1 at 2020-01-24 15:45:57 -0800
Started POST "/__better_errors/e2ceb533983286a2/variables" for ::1 at 2020-01-24 15:46:05 -0800
Started POST "/cats" for ::1 at 2020-01-24 15:47:30 -0800
Processing by CatsController#create as HTML
  Parameters: {"cat"=>{"name"=>"me", "birth_date"=>"2020-01-16", "color"=>"cream", "sex"=>"F", "description"=>"asdfasdf"}}
Completed 500 Internal Server Error in 21ms (ActiveRecord: 3.1ms)



NameError - undefined local variable or method `birthday' for #<Cat not initialized>:
  app/models/cat.rb:33:in `initialize'
  app/controllers/cats_controller.rb:20:in `create'

Started POST "/__better_errors/0d64e9c9f6c74b13/variables" for ::1 at 2020-01-24 15:47:31 -0800
Started POST "/cats" for ::1 at 2020-01-24 15:47:58 -0800
Processing by CatsController#create as HTML
  Parameters: {"cat"=>{"name"=>"me", "birth_date"=>"2020-01-16", "color"=>"cream", "sex"=>"F", "description"=>"asdfasdf"}}
  [1m[35m (0.2ms)[0m  [1m[35mBEGIN[0m
  ↳ app/controllers/cats_controller.rb:22
  [1m[36mCat Create (5.1ms)[0m  [1m[32mINSERT INTO "cats" ("birth_date", "color", "name", "sex", "description", "created_at", "updated_at") VALUES ($1, $2, $3, $4, $5, $6, $7) RETURNING "id"[0m  [["birth_date", "2020-01-16"], ["color", "cream"], ["name", "me"], ["sex", "F"], ["description", "asdfasdf"], ["created_at", "2020-01-24 23:47:58.892247"], ["updated_at", "2020-01-24 23:47:58.892247"]]
  ↳ app/controllers/cats_controller.rb:22
  [1m[35m (0.2ms)[0m  [1m[31mROLLBACK[0m
  ↳ app/controllers/cats_controller.rb:22
Completed 500 Internal Server Error in 45ms (ActiveRecord: 18.9ms)



PG::NotNullViolation - ERROR:  null value in column "age" violates not-null constraint
DETAIL:  Failing row contains (7, 2020-01-16, null, cream, me, F, asdfasdf, 2020-01-24 23:47:58.892247, 2020-01-24 23:47:58.892247).
:
  app/controllers/cats_controller.rb:22:in `create'

Started POST "/__better_errors/f2313ab1088fc5b2/variables" for ::1 at 2020-01-24 15:47:59 -0800
Started POST "/cats" for ::1 at 2020-01-24 15:50:37 -0800
Processing by CatsController#create as HTML
  Parameters: {"cat"=>{"name"=>"me", "birth_date"=>"2020-01-16", "color"=>"cream", "sex"=>"F", "description"=>"asdfasdf"}}
  [1m[35m (0.3ms)[0m  [1m[35mBEGIN[0m
  ↳ app/controllers/cats_controller.rb:22
  [1m[36mCat Create (3.1ms)[0m  [1m[32mINSERT INTO "cats" ("birth_date", "color", "name", "sex", "description", "created_at", "updated_at") VALUES ($1, $2, $3, $4, $5, $6, $7) RETURNING "id"[0m  [["birth_date", "2020-01-16"], ["color", "cream"], ["name", "me"], ["sex", "F"], ["description", "asdfasdf"], ["created_at", "2020-01-24 23:50:37.744237"], ["updated_at", "2020-01-24 23:50:37.744237"]]
  ↳ app/controllers/cats_controller.rb:22
  [1m[35m (0.3ms)[0m  [1m[31mROLLBACK[0m
  ↳ app/controllers/cats_controller.rb:22
Completed 500 Internal Server Error in 37ms (ActiveRecord: 13.9ms)



PG::NotNullViolation - ERROR:  null value in column "age" violates not-null constraint
DETAIL:  Failing row contains (8, 2020-01-16, null, cream, me, F, asdfasdf, 2020-01-24 23:50:37.744237, 2020-01-24 23:50:37.744237).
:
  app/controllers/cats_controller.rb:22:in `create'

Started POST "/__better_errors/a43fb5cf057782f1/variables" for ::1 at 2020-01-24 15:50:37 -0800
Started POST "/__better_errors/a43fb5cf057782f1/eval" for ::1 at 2020-01-24 15:50:53 -0800
Started POST "/__better_errors/a43fb5cf057782f1/eval" for ::1 at 2020-01-24 15:51:08 -0800
Started POST "/cats" for ::1 at 2020-01-24 15:56:45 -0800
Processing by CatsController#create as HTML
  Parameters: {"cat"=>{"name"=>"me", "birth_date"=>"2020-01-16", "color"=>"cream", "sex"=>"F", "description"=>"asdfasdf"}}
  [1m[35m (0.3ms)[0m  [1m[35mBEGIN[0m
  ↳ app/controllers/cats_controller.rb:22
  [1m[36mCat Create (6.9ms)[0m  [1m[32mINSERT INTO "cats" ("birth_date", "color", "name", "sex", "description", "created_at", "updated_at") VALUES ($1, $2, $3, $4, $5, $6, $7) RETURNING "id"[0m  [["birth_date", "2020-01-16"], ["color", "cream"], ["name", "me"], ["sex", "F"], ["description", "asdfasdf"], ["created_at", "2020-01-24 23:56:45.481271"], ["updated_at", "2020-01-24 23:56:45.481271"]]
  ↳ app/controllers/cats_controller.rb:22
  [1m[35m (0.2ms)[0m  [1m[31mROLLBACK[0m
  ↳ app/controllers/cats_controller.rb:22
Completed 500 Internal Server Error in 56ms (ActiveRecord: 21.6ms)



PG::NotNullViolation - ERROR:  null value in column "age" violates not-null constraint
DETAIL:  Failing row contains (9, 2020-01-16, null, cream, me, F, asdfasdf, 2020-01-24 23:56:45.481271, 2020-01-24 23:56:45.481271).
:
  app/controllers/cats_controller.rb:22:in `create'

Started POST "/__better_errors/fe5aa072f752eee8/variables" for ::1 at 2020-01-24 15:56:45 -0800
Started POST "/__better_errors/fe5aa072f752eee8/eval" for ::1 at 2020-01-24 15:57:01 -0800
Started POST "/cats" for ::1 at 2020-01-24 16:05:03 -0800
Processing by CatsController#create as HTML
  Parameters: {"cat"=>{"name"=>"me", "birth_date"=>"2020-01-16", "color"=>"cream", "sex"=>"F", "description"=>"asdfasdf"}}
Completed 500 Internal Server Error in 2ms (ActiveRecord: 0.0ms)



NoMethodError - undefined method `[]' for nil:NilClass:
  app/controllers/cats_controller.rb:20:in `create'

Started POST "/__better_errors/be0b0d35b98fa098/variables" for ::1 at 2020-01-24 16:05:03 -0800
Started POST "/__better_errors/be0b0d35b98fa098/eval" for ::1 at 2020-01-24 16:05:22 -0800
Started POST "/__better_errors/be0b0d35b98fa098/eval" for ::1 at 2020-01-24 16:05:37 -0800
Started POST "/__better_errors/be0b0d35b98fa098/eval" for ::1 at 2020-01-24 16:05:48 -0800
Started POST "/__better_errors/be0b0d35b98fa098/eval" for ::1 at 2020-01-24 16:06:01 -0800
Started POST "/__better_errors/be0b0d35b98fa098/eval" for ::1 at 2020-01-24 16:06:09 -0800
Started POST "/__better_errors/be0b0d35b98fa098/eval" for ::1 at 2020-01-24 16:06:26 -0800
Started POST "/__better_errors/be0b0d35b98fa098/eval" for ::1 at 2020-01-24 16:06:35 -0800
Started POST "/__better_errors/be0b0d35b98fa098/eval" for ::1 at 2020-01-24 16:06:53 -0800
Started POST "/cats" for ::1 at 2020-01-24 16:07:15 -0800
Processing by CatsController#create as HTML
  Parameters: {"cat"=>{"name"=>"me", "birth_date"=>"2020-01-16", "color"=>"cream", "sex"=>"F", "description"=>"asdfasdf"}}
  [1m[35m (0.3ms)[0m  [1m[35mBEGIN[0m
  ↳ app/controllers/cats_controller.rb:23
  [1m[35m (0.2ms)[0m  [1m[31mROLLBACK[0m
  ↳ app/controllers/cats_controller.rb:23
  Rendering cats/new.html.erb within layouts/application
  Rendered cats/new.html.erb within layouts/application (1.6ms)
Completed 200 OK in 280ms (Views: 238.9ms | ActiveRecord: 15.8ms)


Started POST "/cats" for ::1 at 2020-01-24 16:07:29 -0800
Processing by CatsController#create as HTML
  Parameters: {"cat"=>{"name"=>"me", "birth_date"=>"2020-01-16", "color"=>"cream", "sex"=>"F", "description"=>"asdfasdf"}}
Completed 500 Internal Server Error in 25ms (ActiveRecord: 8.5ms)



RuntimeError - :
  app/controllers/cats_controller.rb:22:in `create'

Started POST "/__better_errors/798c3d519d8dd601/variables" for ::1 at 2020-01-24 16:07:29 -0800
Started POST "/__better_errors/798c3d519d8dd601/eval" for ::1 at 2020-01-24 16:07:43 -0800
Started POST "/__better_errors/798c3d519d8dd601/eval" for ::1 at 2020-01-24 16:08:04 -0800
Started POST "/__better_errors/798c3d519d8dd601/eval" for ::1 at 2020-01-24 16:08:07 -0800
  [1m[35m (0.2ms)[0m  [1m[34mSELECT pg_try_advisory_lock(2260121364129154575)[0m
  ↳ bin/rails:9
  [1m[35m (1.0ms)[0m  [1m[34mSELECT "schema_migrations"."version" FROM "schema_migrations" ORDER BY "schema_migrations"."version" ASC[0m
  ↳ bin/rails:9
Migrating to DeleteAgeCat (20200125000911)
  [1m[35m (0.2ms)[0m  [1m[35mBEGIN[0m
  ↳ bin/rails:9
  [1m[35m (6.0ms)[0m  [1m[35mALTER TABLE "cats" DROP COLUMN "age"[0m
  ↳ db/migrate/20200125000911_delete_age_cat.rb:3
  [1m[36mActiveRecord::SchemaMigration Create (0.8ms)[0m  [1m[32mINSERT INTO "schema_migrations" ("version") VALUES ($1) RETURNING "version"[0m  [["version", "20200125000911"]]
  ↳ bin/rails:9
  [1m[35m (0.4ms)[0m  [1m[35mCOMMIT[0m
  ↳ bin/rails:9
  [1m[36mActiveRecord::InternalMetadata Load (1.1ms)[0m  [1m[34mSELECT  "ar_internal_metadata".* FROM "ar_internal_metadata" WHERE "ar_internal_metadata"."key" = $1 LIMIT $2[0m  [["key", "environment"], ["LIMIT", 1]]
  ↳ bin/rails:9
  [1m[35m (0.2ms)[0m  [1m[35mBEGIN[0m
  ↳ bin/rails:9
  [1m[35m (0.1ms)[0m  [1m[35mCOMMIT[0m
  ↳ bin/rails:9
  [1m[35m (0.4ms)[0m  [1m[34mSELECT pg_advisory_unlock(2260121364129154575)[0m
  ↳ bin/rails:9
  [1m[35m (0.4ms)[0m  [1m[34mSELECT "schema_migrations"."version" FROM "schema_migrations" ORDER BY "schema_migrations"."version" ASC[0m
  ↳ bin/rails:9
  [1m[35m (1.2ms)[0m  [1m[34mSELECT "schema_migrations"."version" FROM "schema_migrations" ORDER BY "schema_migrations"."version" ASC[0m
  ↳ bin/rails:9
  [1m[36mCat Load (0.8ms)[0m  [1m[34mSELECT "cats".* FROM "cats"[0m
  ↳ db/seeds.rb:9
  [1m[35m (0.2ms)[0m  [1m[35mBEGIN[0m
  ↳ db/seeds.rb:9
  [1m[36mCat Destroy (1.8ms)[0m  [1m[31mDELETE FROM "cats" WHERE "cats"."id" = $1[0m  [["id", 1]]
  ↳ db/seeds.rb:9
  [1m[35m (0.4ms)[0m  [1m[35mCOMMIT[0m
  ↳ db/seeds.rb:9
  [1m[35m (0.1ms)[0m  [1m[35mBEGIN[0m
  ↳ db/seeds.rb:9
  [1m[36mCat Destroy (0.4ms)[0m  [1m[31mDELETE FROM "cats" WHERE "cats"."id" = $1[0m  [["id", 2]]
  ↳ db/seeds.rb:9
  [1m[35m (0.2ms)[0m  [1m[35mCOMMIT[0m
  ↳ db/seeds.rb:9
  [1m[35m (0.1ms)[0m  [1m[35mBEGIN[0m
  ↳ db/seeds.rb:9
  [1m[36mCat Destroy (0.3ms)[0m  [1m[31mDELETE FROM "cats" WHERE "cats"."id" = $1[0m  [["id", 3]]
  ↳ db/seeds.rb:9
  [1m[35m (0.5ms)[0m  [1m[35mCOMMIT[0m
  ↳ db/seeds.rb:9
Started POST "/cats" for ::1 at 2020-01-24 16:10:45 -0800
  [1m[35m (1.4ms)[0m  [1m[34mSELECT "schema_migrations"."version" FROM "schema_migrations" ORDER BY "schema_migrations"."version" ASC[0m
  ↳ /Users/appacademy/.rbenv/versions/2.5.1/lib/ruby/gems/2.5.0/gems/activerecord-5.2.4.1/lib/active_record/log_subscriber.rb:98
Processing by CatsController#create as HTML
  Parameters: {"cat"=>{"name"=>"me", "birth_date"=>"2020-01-16", "color"=>"cream", "sex"=>"F", "description"=>"asdfasdf"}}
  [1m[35m (0.3ms)[0m  [1m[35mBEGIN[0m
  ↳ app/controllers/cats_controller.rb:22
  [1m[35m (0.2ms)[0m  [1m[31mROLLBACK[0m
  ↳ app/controllers/cats_controller.rb:22
Completed 500 Internal Server Error in 52ms (ActiveRecord: 11.2ms)



NoMethodError - undefined method `age' for #<Cat:0x00007fcb0a13a560>
Did you mean?  age=:
  app/controllers/cats_controller.rb:22:in `create'

Started POST "/__better_errors/613089d2bd70271b/variables" for ::1 at 2020-01-24 16:10:45 -0800
Started POST "/cats" for ::1 at 2020-01-24 16:11:43 -0800
  [1m[35m (1.8ms)[0m  [1m[34mSELECT "schema_migrations"."version" FROM "schema_migrations" ORDER BY "schema_migrations"."version" ASC[0m
  ↳ /Users/appacademy/.rbenv/versions/2.5.1/lib/ruby/gems/2.5.0/gems/activerecord-5.2.4.1/lib/active_record/log_subscriber.rb:98
Processing by CatsController#create as HTML
  Parameters: {"cat"=>{"name"=>"me", "birth_date"=>"2020-01-16", "color"=>"cream", "sex"=>"F", "description"=>"asdfasdf"}}
  [1m[35m (0.3ms)[0m  [1m[35mBEGIN[0m
  ↳ app/controllers/cats_controller.rb:22
  [1m[35m (0.2ms)[0m  [1m[31mROLLBACK[0m
  ↳ app/controllers/cats_controller.rb:22
Completed 500 Internal Server Error in 49ms (ActiveRecord: 11.2ms)



NoMethodError - undefined method `age' for #<Cat:0x00007f8142d24fe0>
Did you mean?  age=:
  app/controllers/cats_controller.rb:22:in `create'

Started POST "/__better_errors/5414c993ab563d61/variables" for ::1 at 2020-01-24 16:11:43 -0800
Started POST "/cats" for ::1 at 2020-01-24 16:12:20 -0800
Processing by CatsController#create as HTML
  Parameters: {"cat"=>{"name"=>"me", "birth_date"=>"2020-01-16", "color"=>"cream", "sex"=>"F", "description"=>"asdfasdf"}}
  [1m[35m (0.2ms)[0m  [1m[35mBEGIN[0m
  ↳ app/controllers/cats_controller.rb:22
  [1m[35m (0.5ms)[0m  [1m[31mROLLBACK[0m
  ↳ app/controllers/cats_controller.rb:22
Completed 500 Internal Server Error in 36ms (ActiveRecord: 8.6ms)



NoMethodError - undefined method `age' for #<Cat:0x00007f8141671870>:
  app/controllers/cats_controller.rb:22:in `create'

Started POST "/__better_errors/fbb4b43922fbd84a/variables" for ::1 at 2020-01-24 16:12:20 -0800
Started POST "/cats" for ::1 at 2020-01-24 16:12:42 -0800
Processing by CatsController#create as HTML
  Parameters: {"cat"=>{"name"=>"me", "birth_date"=>"2020-01-16", "color"=>"cream", "sex"=>"F", "description"=>"asdfasdf"}}
  [1m[35m (0.3ms)[0m  [1m[35mBEGIN[0m
  ↳ app/controllers/cats_controller.rb:22
  [1m[36mCat Create (1.4ms)[0m  [1m[32mINSERT INTO "cats" ("birth_date", "color", "name", "sex", "description", "created_at", "updated_at") VALUES ($1, $2, $3, $4, $5, $6, $7) RETURNING "id"[0m  [["birth_date", "2020-01-16"], ["color", "cream"], ["name", "me"], ["sex", "F"], ["description", "asdfasdf"], ["created_at", "2020-01-25 00:12:42.352331"], ["updated_at", "2020-01-25 00:12:42.352331"]]
  ↳ app/controllers/cats_controller.rb:22
  [1m[35m (2.2ms)[0m  [1m[35mCOMMIT[0m
  ↳ app/controllers/cats_controller.rb:22
Redirected to http://localhost:3000/cats/10
Completed 302 Found in 34ms (ActiveRecord: 12.4ms)


Started GET "/cats/10" for ::1 at 2020-01-24 16:12:42 -0800
Processing by CatsController#show as HTML
  Parameters: {"id"=>"10"}
  [1m[36mCat Load (0.5ms)[0m  [1m[34mSELECT  "cats".* FROM "cats" WHERE "cats"."id" = $1 LIMIT $2[0m  [["id", 10], ["LIMIT", 1]]
  ↳ app/controllers/cats_controller.rb:8
  Rendering cats/show.html.erb within layouts/application
  Rendered cats/show.html.erb within layouts/application (13.1ms)
Completed 500 Internal Server Error in 31ms (ActiveRecord: 0.8ms)



NoMethodError - undefined method `age' for #<Cat:0x00007f8142df4a10>:
  app/views/cats/show.html.erb:12:in `_app_views_cats_show_html_erb___810900803071412660_70096606768360'
  app/controllers/cats_controller.rb:10:in `show'

Started POST "/__better_errors/59c2f90c1084d09f/variables" for ::1 at 2020-01-24 16:12:42 -0800
Started POST "/cats" for ::1 at 2020-01-24 16:13:10 -0800
Processing by CatsController#create as HTML
  Parameters: {"cat"=>{"name"=>"me", "birth_date"=>"2020-01-16", "color"=>"cream", "sex"=>"F", "description"=>"asdfasdf"}}
  [1m[35m (0.2ms)[0m  [1m[35mBEGIN[0m
  ↳ app/controllers/cats_controller.rb:22
  [1m[36mCat Create (1.5ms)[0m  [1m[32mINSERT INTO "cats" ("birth_date", "color", "name", "sex", "description", "created_at", "updated_at") VALUES ($1, $2, $3, $4, $5, $6, $7) RETURNING "id"[0m  [["birth_date", "2020-01-16"], ["color", "cream"], ["name", "me"], ["sex", "F"], ["description", "asdfasdf"], ["created_at", "2020-01-25 00:13:10.598990"], ["updated_at", "2020-01-25 00:13:10.598990"]]
  ↳ app/controllers/cats_controller.rb:22
  [1m[35m (2.8ms)[0m  [1m[35mCOMMIT[0m
  ↳ app/controllers/cats_controller.rb:22
Redirected to http://localhost:3000/cats/11
Completed 302 Found in 33ms (ActiveRecord: 12.3ms)


Started GET "/cats/11" for ::1 at 2020-01-24 16:13:10 -0800
Processing by CatsController#show as HTML
  Parameters: {"id"=>"11"}
  [1m[36mCat Load (0.7ms)[0m  [1m[34mSELECT  "cats".* FROM "cats" WHERE "cats"."id" = $1 LIMIT $2[0m  [["id", 11], ["LIMIT", 1]]
  ↳ app/controllers/cats_controller.rb:8
  Rendering cats/show.html.erb within layouts/application
  Rendered cats/show.html.erb within layouts/application (2.4ms)
Completed 200 OK in 308ms (Views: 305.3ms | ActiveRecord: 0.7ms)


Started POST "/cats" for ::1 at 2020-01-24 16:13:50 -0800
Processing by CatsController#create as HTML
  Parameters: {"cat"=>{"name"=>"hello", "birth_date"=>"2010-01-16", "color"=>"cream", "sex"=>"M", "description"=>"TESET"}}
  [1m[35m (0.4ms)[0m  [1m[35mBEGIN[0m
  ↳ app/controllers/cats_controller.rb:22
  [1m[36mCat Create (0.8ms)[0m  [1m[32mINSERT INTO "cats" ("birth_date", "color", "name", "sex", "description", "created_at", "updated_at") VALUES ($1, $2, $3, $4, $5, $6, $7) RETURNING "id"[0m  [["birth_date", "2010-01-16"], ["color", "cream"], ["name", "hello"], ["sex", "M"], ["description", "TESET"], ["created_at", "2020-01-25 00:13:50.101983"], ["updated_at", "2020-01-25 00:13:50.101983"]]
  ↳ app/controllers/cats_controller.rb:22
  [1m[35m (2.1ms)[0m  [1m[35mCOMMIT[0m
  ↳ app/controllers/cats_controller.rb:22
Redirected to http://localhost:3000/cats/12
Completed 302 Found in 8ms (ActiveRecord: 3.3ms)


Started GET "/cats/12" for ::1 at 2020-01-24 16:13:50 -0800
Processing by CatsController#show as HTML
  Parameters: {"id"=>"12"}
  [1m[36mCat Load (0.7ms)[0m  [1m[34mSELECT  "cats".* FROM "cats" WHERE "cats"."id" = $1 LIMIT $2[0m  [["id", 12], ["LIMIT", 1]]
  ↳ app/controllers/cats_controller.rb:8
  Rendering cats/show.html.erb within layouts/application
  Rendered cats/show.html.erb within layouts/application (1.2ms)
Completed 200 OK in 31ms (Views: 29.2ms | ActiveRecord: 0.7ms)


Started GET "/cats/12/edit" for ::1 at 2020-01-24 16:25:45 -0800
Processing by CatsController#edit as HTML
  Parameters: {"id"=>"12"}
  [1m[36mCat Load (0.7ms)[0m  [1m[34mSELECT  "cats".* FROM "cats" WHERE "cats"."id" = $1 LIMIT $2[0m  [["id", 12], ["LIMIT", 1]]
  ↳ app/controllers/cats_controller.rb:30
  Rendering cats/edit.html.erb within layouts/application
  Rendered cats/edit.html.erb within layouts/application (1.5ms)
Completed 200 OK in 72ms (Views: 30.3ms | ActiveRecord: 18.6ms)


Started GET "/cats/12/edit" for ::1 at 2020-01-24 16:27:13 -0800
Processing by CatsController#edit as HTML
  Parameters: {"id"=>"12"}
  [1m[36mCat Load (1.0ms)[0m  [1m[34mSELECT  "cats".* FROM "cats" WHERE "cats"."id" = $1 LIMIT $2[0m  [["id", 12], ["LIMIT", 1]]
  ↳ app/controllers/cats_controller.rb:30
  Rendering cats/edit.html.erb within layouts/application
  Rendered cats/edit.html.erb within layouts/application (1.7ms)
Completed 200 OK in 72ms (Views: 69.3ms | ActiveRecord: 1.0ms)


Started GET "/cats/12/edit" for ::1 at 2020-01-24 16:27:53 -0800
Processing by CatsController#edit as HTML
  Parameters: {"id"=>"12"}
  [1m[36mCat Load (0.7ms)[0m  [1m[34mSELECT  "cats".* FROM "cats" WHERE "cats"."id" = $1 LIMIT $2[0m  [["id", 12], ["LIMIT", 1]]
  ↳ app/controllers/cats_controller.rb:30
  Rendering cats/edit.html.erb within layouts/application
  Rendered cats/edit.html.erb within layouts/application (532.8ms)
Completed 500 Internal Server Error in 541ms (ActiveRecord: 0.7ms)



NameError - undefined local variable or method `selected' for #<#<Class:0x00007f8142651218>:0x00007f81425e3808>
Did you mean?  select:
  app/views/cats/edit.html.erb:14:in `_app_views_cats_edit_html_erb___357295221150286846_70096570487340'
  app/controllers/cats_controller.rb:31:in `edit'

Started POST "/__better_errors/7be3dc7ee8c88d74/variables" for ::1 at 2020-01-24 16:27:54 -0800
Started POST "/__better_errors/7be3dc7ee8c88d74/variables" for ::1 at 2020-01-24 16:28:16 -0800
Started POST "/__better_errors/7be3dc7ee8c88d74/variables" for ::1 at 2020-01-24 16:28:31 -0800
Started POST "/__better_errors/7be3dc7ee8c88d74/variables" for ::1 at 2020-01-24 16:29:49 -0800
Started POST "/__better_errors/7be3dc7ee8c88d74/variables" for ::1 at 2020-01-24 16:30:07 -0800
Started POST "/__better_errors/7be3dc7ee8c88d74/variables" for ::1 at 2020-01-24 16:30:59 -0800
Started POST "/__better_errors/7be3dc7ee8c88d74/variables" for ::1 at 2020-01-24 16:32:12 -0800
Started POST "/__better_errors/7be3dc7ee8c88d74/variables" for ::1 at 2020-01-24 16:32:40 -0800
Started POST "/__better_errors/7be3dc7ee8c88d74/variables" for ::1 at 2020-01-24 16:34:16 -0800
Started GET "/cats/12/edit" for ::1 at 2020-01-24 16:34:19 -0800
Processing by CatsController#edit as HTML
  Parameters: {"id"=>"12"}
  [1m[36mCat Load (1.4ms)[0m  [1m[34mSELECT  "cats".* FROM "cats" WHERE "cats"."id" = $1 LIMIT $2[0m  [["id", 12], ["LIMIT", 1]]
  ↳ app/controllers/cats_controller.rb:30
  Rendering cats/edit.html.erb within layouts/application
  Rendered cats/edit.html.erb within layouts/application (4.2ms)
Completed 200 OK in 59ms (Views: 54.5ms | ActiveRecord: 1.7ms)


Started PATCH "/cats/12" for ::1 at 2020-01-24 16:34:20 -0800
Processing by CatsController#update as HTML
  Parameters: {"cat"=>{"name"=>"hello", "birth_date"=>"2010-01-16", "color"=>"cream", "sex"=>"M", "description"=>""}, "id"=>"12"}
Completed 500 Internal Server Error in 3ms (ActiveRecord: 0.0ms)



NoMethodError - undefined method `update' for nil:NilClass:
  app/controllers/cats_controller.rb:36:in `update'

Started POST "/__better_errors/020aa301e9d7be04/variables" for ::1 at 2020-01-24 16:34:20 -0800
Started GET "/cats/12/edit" for ::1 at 2020-01-24 16:34:31 -0800
Processing by CatsController#edit as HTML
  Parameters: {"id"=>"12"}
  [1m[36mCat Load (1.0ms)[0m  [1m[34mSELECT  "cats".* FROM "cats" WHERE "cats"."id" = $1 LIMIT $2[0m  [["id", 12], ["LIMIT", 1]]
  ↳ app/controllers/cats_controller.rb:30
  Rendering cats/edit.html.erb within layouts/application
  Rendered cats/edit.html.erb within layouts/application (2.1ms)
Completed 200 OK in 42ms (Views: 38.9ms | ActiveRecord: 1.0ms)


Started GET "/cats/12/edit" for ::1 at 2020-01-24 16:35:02 -0800
Processing by CatsController#edit as HTML
  Parameters: {"id"=>"12"}
  [1m[36mCat Load (0.7ms)[0m  [1m[34mSELECT  "cats".* FROM "cats" WHERE "cats"."id" = $1 LIMIT $2[0m  [["id", 12], ["LIMIT", 1]]
  ↳ app/controllers/cats_controller.rb:30
  Rendering cats/edit.html.erb within layouts/application
  Rendered cats/edit.html.erb within layouts/application (2.2ms)
Completed 200 OK in 65ms (Views: 63.0ms | ActiveRecord: 0.7ms)


Started GET "/cats/" for ::1 at 2020-01-24 16:35:24 -0800
Processing by CatsController#index as HTML
  Rendering cats/index.html.erb within layouts/application
  [1m[36mCat Load (0.6ms)[0m  [1m[34mSELECT "cats".* FROM "cats"[0m
  ↳ app/views/cats/index.html.erb:4
  Rendered cats/index.html.erb within layouts/application (3.0ms)
Completed 200 OK in 44ms (Views: 43.3ms | ActiveRecord: 0.6ms)


Started GET "/cats/11" for ::1 at 2020-01-24 16:35:26 -0800
Processing by CatsController#show as HTML
  Parameters: {"id"=>"11"}
  [1m[36mCat Load (0.9ms)[0m  [1m[34mSELECT  "cats".* FROM "cats" WHERE "cats"."id" = $1 LIMIT $2[0m  [["id", 11], ["LIMIT", 1]]
  ↳ app/controllers/cats_controller.rb:8
  Rendering cats/show.html.erb within layouts/application
  Rendered cats/show.html.erb within layouts/application (0.9ms)
Completed 200 OK in 32ms (Views: 29.1ms | ActiveRecord: 0.9ms)


Started GET "/cats/12" for ::1 at 2020-01-24 16:35:29 -0800
Processing by CatsController#show as HTML
  Parameters: {"id"=>"12"}
  [1m[36mCat Load (0.7ms)[0m  [1m[34mSELECT  "cats".* FROM "cats" WHERE "cats"."id" = $1 LIMIT $2[0m  [["id", 12], ["LIMIT", 1]]
  ↳ app/controllers/cats_controller.rb:8
  Rendering cats/show.html.erb within layouts/application
  Rendered cats/show.html.erb within layouts/application (1.6ms)
Completed 200 OK in 31ms (Views: 29.1ms | ActiveRecord: 0.7ms)


Started GET "/cats/10" for ::1 at 2020-01-24 16:35:31 -0800
Processing by CatsController#show as HTML
  Parameters: {"id"=>"10"}
  [1m[36mCat Load (1.8ms)[0m  [1m[34mSELECT  "cats".* FROM "cats" WHERE "cats"."id" = $1 LIMIT $2[0m  [["id", 10], ["LIMIT", 1]]
  ↳ app/controllers/cats_controller.rb:8
  Rendering cats/show.html.erb within layouts/application
  Rendered cats/show.html.erb within layouts/application (1.3ms)
Completed 200 OK in 35ms (Views: 32.2ms | ActiveRecord: 1.8ms)


Started GET "/cats/10/edit" for ::1 at 2020-01-24 16:35:35 -0800
Processing by CatsController#edit as HTML
  Parameters: {"id"=>"10"}
  [1m[36mCat Load (1.0ms)[0m  [1m[34mSELECT  "cats".* FROM "cats" WHERE "cats"."id" = $1 LIMIT $2[0m  [["id", 10], ["LIMIT", 1]]
  ↳ app/controllers/cats_controller.rb:30
  Rendering cats/edit.html.erb within layouts/application
  Rendered cats/edit.html.erb within layouts/application (1.1ms)
Completed 200 OK in 47ms (Views: 43.9ms | ActiveRecord: 1.0ms)


Started GET "/cats/10/edit" for ::1 at 2020-01-24 16:36:28 -0800
Processing by CatsController#edit as HTML
  Parameters: {"id"=>"10"}
  [1m[36mCat Load (0.4ms)[0m  [1m[34mSELECT  "cats".* FROM "cats" WHERE "cats"."id" = $1 LIMIT $2[0m  [["id", 10], ["LIMIT", 1]]
  ↳ app/controllers/cats_controller.rb:30
  Rendering cats/edit.html.erb within layouts/application
  Rendered cats/edit.html.erb within layouts/application (1.5ms)
Completed 200 OK in 46ms (Views: 43.8ms | ActiveRecord: 0.4ms)


Started PATCH "/cats/10" for ::1 at 2020-01-24 16:36:35 -0800
Processing by CatsController#update as HTML
  Parameters: {"cat"=>{"name"=>"me", "birth_date"=>"2020-01-16", "color"=>"cream", "sex"=>"F", "description"=>"asdfasdf"}, "id"=>"10"}
Completed 500 Internal Server Error in 4ms (ActiveRecord: 0.0ms)



NoMethodError - undefined method `update' for nil:NilClass:
  app/controllers/cats_controller.rb:36:in `update'

Started POST "/__better_errors/67366b5bb79b445e/variables" for ::1 at 2020-01-24 16:36:35 -0800
Started PATCH "/cats/10" for ::1 at 2020-01-24 16:37:34 -0800
Processing by CatsController#update as HTML
  Parameters: {"cat"=>{"name"=>"me", "birth_date"=>"2020-01-16", "color"=>"cream", "sex"=>"M", "description"=>"asdfasdf"}, "id"=>"10"}
Completed 500 Internal Server Error in 3ms (ActiveRecord: 0.0ms)



NoMethodError - undefined method `update' for nil:NilClass:
  app/controllers/cats_controller.rb:36:in `update'

Started POST "/__better_errors/a536a638c4d91de8/variables" for ::1 at 2020-01-24 16:37:35 -0800
Started PATCH "/cats/10" for ::1 at 2020-01-24 16:38:59 -0800
Processing by CatsController#update as HTML
  Parameters: {"cat"=>{"name"=>"me", "birth_date"=>"2020-01-16", "color"=>"cream", "sex"=>"M", "description"=>"asdfasdf"}, "id"=>"10"}
  [1m[36mCat Load (0.4ms)[0m  [1m[34mSELECT  "cats".* FROM "cats" WHERE "cats"."id" = $1 LIMIT $2[0m  [["id", 10], ["LIMIT", 1]]
  ↳ app/controllers/cats_controller.rb:35
  [1m[35m (0.3ms)[0m  [1m[35mBEGIN[0m
  ↳ app/controllers/cats_controller.rb:36
  [1m[36mCat Update (2.8ms)[0m  [1m[33mUPDATE "cats" SET "sex" = $1, "updated_at" = $2 WHERE "cats"."id" = $3[0m  [["sex", "M"], ["updated_at", "2020-01-25 00:38:59.782368"], ["id", 10]]
  ↳ app/controllers/cats_controller.rb:36
  [1m[35m (0.6ms)[0m  [1m[35mCOMMIT[0m
  ↳ app/controllers/cats_controller.rb:36
Redirected to http://localhost:3000/cats/10
Completed 302 Found in 52ms (ActiveRecord: 21.4ms)


Started GET "/cats/10" for ::1 at 2020-01-24 16:38:59 -0800
Processing by CatsController#show as HTML
  Parameters: {"id"=>"10"}
  [1m[36mCat Load (0.5ms)[0m  [1m[34mSELECT  "cats".* FROM "cats" WHERE "cats"."id" = $1 LIMIT $2[0m  [["id", 10], ["LIMIT", 1]]
  ↳ app/controllers/cats_controller.rb:8
  Rendering cats/show.html.erb within layouts/application
  Rendered cats/show.html.erb within layouts/application (1.9ms)
Completed 200 OK in 43ms (Views: 40.9ms | ActiveRecord: 0.5ms)


Started GET "/cats/10/edut" for ::1 at 2020-01-24 16:39:09 -0800
  
ActionController::RoutingError (No route matches [GET] "/cats/10/edut"):
  
actionpack (5.2.4.1) lib/action_dispatch/middleware/debug_exceptions.rb:65:in `call'
web-console (3.7.0) lib/web_console/middleware.rb:135:in `call_app'
web-console (3.7.0) lib/web_console/middleware.rb:30:in `block in call'
web-console (3.7.0) lib/web_console/middleware.rb:20:in `catch'
web-console (3.7.0) lib/web_console/middleware.rb:20:in `call'
actionpack (5.2.4.1) lib/action_dispatch/middleware/show_exceptions.rb:33:in `call'
railties (5.2.4.1) lib/rails/rack/logger.rb:38:in `call_app'
railties (5.2.4.1) lib/rails/rack/logger.rb:26:in `block in call'
activesupport (5.2.4.1) lib/active_support/tagged_logging.rb:71:in `block in tagged'
activesupport (5.2.4.1) lib/active_support/tagged_logging.rb:28:in `tagged'
activesupport (5.2.4.1) lib/active_support/tagged_logging.rb:71:in `tagged'
railties (5.2.4.1) lib/rails/rack/logger.rb:26:in `call'
sprockets-rails (3.2.1) lib/sprockets/rails/quiet_assets.rb:13:in `call'
actionpack (5.2.4.1) lib/action_dispatch/middleware/remote_ip.rb:81:in `call'
actionpack (5.2.4.1) lib/action_dispatch/middleware/request_id.rb:27:in `call'
rack (2.1.1) lib/rack/method_override.rb:24:in `call'
rack (2.1.1) lib/rack/runtime.rb:24:in `call'
activesupport (5.2.4.1) lib/active_support/cache/strategy/local_cache_middleware.rb:29:in `call'
actionpack (5.2.4.1) lib/action_dispatch/middleware/executor.rb:14:in `call'
actionpack (5.2.4.1) lib/action_dispatch/middleware/static.rb:127:in `call'
rack (2.1.1) lib/rack/sendfile.rb:113:in `call'
railties (5.2.4.1) lib/rails/engine.rb:524:in `call'
puma (3.12.2) lib/puma/configuration.rb:227:in `call'
puma (3.12.2) lib/puma/server.rb:674:in `handle_request'
puma (3.12.2) lib/puma/server.rb:476:in `process_client'
puma (3.12.2) lib/puma/server.rb:334:in `block in run'
puma (3.12.2) lib/puma/thread_pool.rb:135:in `block in spawn_thread'
Started GET "/cats/10/edit" for ::1 at 2020-01-24 16:39:14 -0800
Processing by CatsController#edit as HTML
  Parameters: {"id"=>"10"}
  [1m[36mCat Load (3.8ms)[0m  [1m[34mSELECT  "cats".* FROM "cats" WHERE "cats"."id" = $1 LIMIT $2[0m  [["id", 10], ["LIMIT", 1]]
  ↳ app/controllers/cats_controller.rb:30
  Rendering cats/edit.html.erb within layouts/application
  Rendered cats/edit.html.erb within layouts/application (1.5ms)
Completed 200 OK in 43ms (Views: 37.6ms | ActiveRecord: 3.8ms)


Started PATCH "/cats/10" for ::1 at 2020-01-24 16:39:27 -0800
Processing by CatsController#update as HTML
  Parameters: {"cat"=>{"name"=>"TEST", "birth_date"=>"2020-01-16", "color"=>"orange", "sex"=>"M", "description"=>"TEST"}, "id"=>"10"}
  [1m[36mCat Load (0.5ms)[0m  [1m[34mSELECT  "cats".* FROM "cats" WHERE "cats"."id" = $1 LIMIT $2[0m  [["id", 10], ["LIMIT", 1]]
  ↳ app/controllers/cats_controller.rb:35
  [1m[35m (0.8ms)[0m  [1m[35mBEGIN[0m
  ↳ app/controllers/cats_controller.rb:36
  [1m[36mCat Update (0.7ms)[0m  [1m[33mUPDATE "cats" SET "color" = $1, "name" = $2, "description" = $3, "updated_at" = $4 WHERE "cats"."id" = $5[0m  [["color", "orange"], ["name", "TEST"], ["description", "TEST"], ["updated_at", "2020-01-25 00:39:27.492532"], ["id", 10]]
  ↳ app/controllers/cats_controller.rb:36
  [1m[35m (2.2ms)[0m  [1m[35mCOMMIT[0m
  ↳ app/controllers/cats_controller.rb:36
Redirected to http://localhost:3000/cats/10
Completed 302 Found in 10ms (ActiveRecord: 4.2ms)


Started GET "/cats/10" for ::1 at 2020-01-24 16:39:27 -0800
Processing by CatsController#show as HTML
  Parameters: {"id"=>"10"}
  [1m[36mCat Load (0.4ms)[0m  [1m[34mSELECT  "cats".* FROM "cats" WHERE "cats"."id" = $1 LIMIT $2[0m  [["id", 10], ["LIMIT", 1]]
  ↳ app/controllers/cats_controller.rb:8
  Rendering cats/show.html.erb within layouts/application
  Rendered cats/show.html.erb within layouts/application (1.2ms)
Completed 200 OK in 34ms (Views: 32.7ms | ActiveRecord: 0.4ms)


  [1m[36mCat Load (0.8ms)[0m  [1m[34mSELECT "cats".* FROM "cats"[0m
Started GET "/cats/10" for ::1 at 2020-01-24 16:39:56 -0800
Processing by CatsController#show as HTML
  Parameters: {"id"=>"10"}
  [1m[36mCat Load (0.5ms)[0m  [1m[34mSELECT  "cats".* FROM "cats" WHERE "cats"."id" = $1 LIMIT $2[0m  [["id", 10], ["LIMIT", 1]]
  ↳ app/controllers/cats_controller.rb:8
  Rendering cats/show.html.erb within layouts/application
  Rendered cats/show.html.erb within layouts/application (0.8ms)
Completed 200 OK in 30ms (Views: 28.5ms | ActiveRecord: 0.5ms)


Started GET "/cats/10/edit" for ::1 at 2020-01-24 16:40:00 -0800
Processing by CatsController#edit as HTML
  Parameters: {"id"=>"10"}
  [1m[36mCat Load (2.1ms)[0m  [1m[34mSELECT  "cats".* FROM "cats" WHERE "cats"."id" = $1 LIMIT $2[0m  [["id", 10], ["LIMIT", 1]]
  ↳ app/controllers/cats_controller.rb:30
  Rendering cats/edit.html.erb within layouts/application
  Rendered cats/edit.html.erb within layouts/application (1.0ms)
Completed 200 OK in 43ms (Views: 39.3ms | ActiveRecord: 2.1ms)


Started GET "/cats/10/edit" for ::1 at 2020-01-24 16:43:24 -0800
Processing by CatsController#edit as HTML
  Parameters: {"id"=>"10"}
  [1m[36mCat Load (0.5ms)[0m  [1m[34mSELECT  "cats".* FROM "cats" WHERE "cats"."id" = $1 LIMIT $2[0m  [["id", 10], ["LIMIT", 1]]
  ↳ app/controllers/cats_controller.rb:30
  Rendering cats/edit.html.erb within layouts/application
  Rendered cats/edit.html.erb within layouts/application (0.9ms)
Completed 200 OK in 39ms (Views: 37.6ms | ActiveRecord: 0.5ms)


Started GET "/cats/10/edit" for ::1 at 2020-01-24 16:44:00 -0800
Processing by CatsController#edit as HTML
  Parameters: {"id"=>"10"}
  [1m[36mCat Load (1.6ms)[0m  [1m[34mSELECT  "cats".* FROM "cats" WHERE "cats"."id" = $1 LIMIT $2[0m  [["id", 10], ["LIMIT", 1]]
  ↳ app/controllers/cats_controller.rb:30
  Rendering cats/edit.html.erb within layouts/application
  Rendered cats/edit.html.erb within layouts/application (1.0ms)
Completed 200 OK in 32ms (Views: 25.9ms | ActiveRecord: 2.7ms)


Started GET "/cats/10/edit" for ::1 at 2020-01-24 16:44:19 -0800
Processing by CatsController#edit as HTML
  Parameters: {"id"=>"10"}
  [1m[36mCat Load (1.8ms)[0m  [1m[34mSELECT  "cats".* FROM "cats" WHERE "cats"."id" = $1 LIMIT $2[0m  [["id", 10], ["LIMIT", 1]]
  ↳ app/controllers/cats_controller.rb:30
  Rendering cats/edit.html.erb within layouts/application
  Rendered cats/edit.html.erb within layouts/application (2.0ms)
Completed 200 OK in 43ms (Views: 39.6ms | ActiveRecord: 1.8ms)


Started GET "/cats/new" for ::1 at 2020-01-24 16:52:41 -0800
Processing by CatsController#new as HTML
  Rendering cats/new.html.erb within layouts/application
  Rendered cats/new.html.erb within layouts/application (0.7ms)
Completed 200 OK in 38ms (Views: 38.2ms | ActiveRecord: 0.0ms)


Started GET "/cats/new" for ::1 at 2020-01-24 16:53:05 -0800
Processing by CatsController#new as HTML
  Rendering cats/new.html.erb within layouts/application
  Rendered cats/new.html.erb within layouts/application (0.6ms)
Completed 200 OK in 30ms (Views: 29.4ms | ActiveRecord: 0.0ms)


Started GET "/cats/new" for ::1 at 2020-01-24 16:53:11 -0800
Processing by CatsController#new as HTML
  Rendering cats/new.html.erb within layouts/application
  Rendered cats/new.html.erb within layouts/application (0.8ms)
Completed 200 OK in 34ms (Views: 33.2ms | ActiveRecord: 0.0ms)


Started GET "/cats/new" for ::1 at 2020-01-24 16:56:07 -0800
Processing by CatsController#new as HTML
  Rendering cats/new.html.erb within layouts/application
  Rendered cats/_form.html.erb (5.9ms)
  Rendered cats/new.html.erb within layouts/application (8.8ms)
Completed 500 Internal Server Error in 15ms (ActiveRecord: 0.0ms)



NoMethodError - undefined method `name' for nil:NilClass:
  app/views/cats/_form.html.erb:14:in `_app_views_cats__form_html_erb___3417557531431843910_70096597404740'
  app/views/cats/new.html.erb:29:in `_app_views_cats_new_html_erb__983467128164437345_70096597472360'
  app/controllers/cats_controller.rb:16:in `new'

Started POST "/__better_errors/039258c3db1c8df5/variables" for ::1 at 2020-01-24 16:56:07 -0800
Started GET "/cats/new" for ::1 at 2020-01-24 16:56:55 -0800
Processing by CatsController#new as HTML
  Rendering cats/new.html.erb within layouts/application
  Rendered cats/_form.html.erb (7.2ms)
  Rendered cats/new.html.erb within layouts/application (11.1ms)
Completed 500 Internal Server Error in 19ms (ActiveRecord: 0.0ms)



NoMethodError - undefined method `name' for nil:NilClass:
  app/views/cats/_form.html.erb:14:in `_app_views_cats__form_html_erb___3417557531431843910_70096566392600'
  app/views/cats/new.html.erb:29:in `_app_views_cats_new_html_erb__983467128164437345_70096570553480'
  app/controllers/cats_controller.rb:16:in `new'

Started POST "/__better_errors/e970299b5326eef9/variables" for ::1 at 2020-01-24 16:56:55 -0800
Started GET "/cats/new" for ::1 at 2020-01-24 16:57:05 -0800
Processing by CatsController#new as HTML
  Rendering cats/new.html.erb within layouts/application
  Rendered cats/_form.html.erb (6.2ms)
  Rendered cats/new.html.erb within layouts/application (9.5ms)
Completed 500 Internal Server Error in 16ms (ActiveRecord: 0.0ms)



NoMethodError - undefined method `name' for nil:NilClass:
  app/views/cats/_form.html.erb:14:in `_app_views_cats__form_html_erb___3417557531431843910_70096570700300'
  app/views/cats/new.html.erb:29:in `_app_views_cats_new_html_erb__983467128164437345_70096570717060'
  app/controllers/cats_controller.rb:16:in `new'

Started POST "/__better_errors/0358acc52fea7061/variables" for ::1 at 2020-01-24 16:57:05 -0800
Started POST "/__better_errors/0358acc52fea7061/eval" for ::1 at 2020-01-24 16:57:13 -0800
Started GET "/cats/10/edit" for ::1 at 2020-01-24 16:57:22 -0800
Processing by CatsController#edit as HTML
  Parameters: {"id"=>"10"}
  [1m[36mCat Load (2.2ms)[0m  [1m[34mSELECT  "cats".* FROM "cats" WHERE "cats"."id" = $1 LIMIT $2[0m  [["id", 10], ["LIMIT", 1]]
  ↳ app/controllers/cats_controller.rb:30
  Rendering cats/edit.html.erb within layouts/application
  Rendered cats/_form.html.erb (1.9ms)
  Rendered cats/edit.html.erb within layouts/application (5.9ms)
Completed 200 OK in 83ms (Views: 73.5ms | ActiveRecord: 5.9ms)


Started GET "/cats/10/edit" for ::1 at 2020-01-24 16:57:48 -0800
Processing by CatsController#edit as HTML
  Parameters: {"id"=>"10"}
  [1m[36mCat Load (0.7ms)[0m  [1m[34mSELECT  "cats".* FROM "cats" WHERE "cats"."id" = $1 LIMIT $2[0m  [["id", 10], ["LIMIT", 1]]
  ↳ app/controllers/cats_controller.rb:30
  Rendering cats/edit.html.erb within layouts/application
  Rendered cats/_form.html.erb (1.4ms)
  Rendered cats/edit.html.erb within layouts/application (4.9ms)
Completed 200 OK in 36ms (Views: 34.1ms | ActiveRecord: 0.7ms)


Started GET "/cats/new" for ::1 at 2020-01-24 16:57:53 -0800
Processing by CatsController#new as HTML
  Rendering cats/new.html.erb within layouts/application
  Rendered cats/_form.html.erb (8.8ms)
  Rendered cats/new.html.erb within layouts/application (12.3ms)
Completed 500 Internal Server Error in 20ms (ActiveRecord: 0.0ms)



NoMethodError - undefined method `name' for nil:NilClass:
  app/views/cats/_form.html.erb:14:in `_app_views_cats__form_html_erb___3417557531431843910_70096600283700'
  app/views/cats/new.html.erb:29:in `_app_views_cats_new_html_erb__983467128164437345_70096608822780'
  app/controllers/cats_controller.rb:16:in `new'

Started POST "/__better_errors/612c90445a4f345b/variables" for ::1 at 2020-01-24 16:57:53 -0800
Started GET "/cats/new" for ::1 at 2020-01-24 16:59:11 -0800
Processing by CatsController#new as HTML
  Rendering cats/new.html.erb within layouts/application
  Rendered cats/_form.html.erb (1.8ms)
  Rendered cats/new.html.erb within layouts/application (5.7ms)
Completed 200 OK in 67ms (Views: 33.6ms | ActiveRecord: 15.0ms)


Started POST "/cats" for ::1 at 2020-01-24 16:59:50 -0800
Processing by CatsController#create as HTML
  Parameters: {"cat"=>{"name"=>"steve", "birth_date"=>"2019-12-31", "color"=>"white", "sex"=>"M", "description"=>"asdfasdflaibudasf"}}
  [1m[35m (2.0ms)[0m  [1m[35mBEGIN[0m
  ↳ app/controllers/cats_controller.rb:22
  [1m[36mCat Create (1.2ms)[0m  [1m[32mINSERT INTO "cats" ("birth_date", "color", "name", "sex", "description", "created_at", "updated_at") VALUES ($1, $2, $3, $4, $5, $6, $7) RETURNING "id"[0m  [["birth_date", "2019-12-31"], ["color", "white"], ["name", "steve"], ["sex", "M"], ["description", "asdfasdflaibudasf"], ["created_at", "2020-01-25 00:59:50.570090"], ["updated_at", "2020-01-25 00:59:50.570090"]]
  ↳ app/controllers/cats_controller.rb:22
  [1m[35m (3.1ms)[0m  [1m[35mCOMMIT[0m
  ↳ app/controllers/cats_controller.rb:22
Redirected to http://localhost:3000/cats/13
Completed 302 Found in 11ms (ActiveRecord: 6.3ms)


Started GET "/cats/13" for ::1 at 2020-01-24 16:59:50 -0800
Processing by CatsController#show as HTML
  Parameters: {"id"=>"13"}
  [1m[36mCat Load (0.8ms)[0m  [1m[34mSELECT  "cats".* FROM "cats" WHERE "cats"."id" = $1 LIMIT $2[0m  [["id", 13], ["LIMIT", 1]]
  ↳ app/controllers/cats_controller.rb:8
  Rendering cats/show.html.erb within layouts/application
  Rendered cats/show.html.erb within layouts/application (1.3ms)
Completed 200 OK in 39ms (Views: 36.0ms | ActiveRecord: 0.8ms)


Started GET "/cats" for ::1 at 2020-01-24 16:59:56 -0800
Processing by CatsController#index as HTML
  Rendering cats/index.html.erb within layouts/application
  [1m[36mCat Load (1.1ms)[0m  [1m[34mSELECT "cats".* FROM "cats"[0m
  ↳ app/views/cats/index.html.erb:4
  Rendered cats/index.html.erb within layouts/application (4.0ms)
Completed 200 OK in 36ms (Views: 34.9ms | ActiveRecord: 1.1ms)


Started GET "/cats/13" for ::1 at 2020-01-24 16:59:59 -0800
Processing by CatsController#show as HTML
  Parameters: {"id"=>"13"}
  [1m[36mCat Load (0.8ms)[0m  [1m[34mSELECT  "cats".* FROM "cats" WHERE "cats"."id" = $1 LIMIT $2[0m  [["id", 13], ["LIMIT", 1]]
  ↳ app/controllers/cats_controller.rb:8
  Rendering cats/show.html.erb within layouts/application
  Rendered cats/show.html.erb within layouts/application (0.8ms)
Completed 200 OK in 33ms (Views: 30.7ms | ActiveRecord: 0.8ms)


Started GET "/cats/13/edit" for ::1 at 2020-01-24 17:00:03 -0800
Processing by CatsController#edit as HTML
  Parameters: {"id"=>"13"}
  [1m[36mCat Load (1.2ms)[0m  [1m[34mSELECT  "cats".* FROM "cats" WHERE "cats"."id" = $1 LIMIT $2[0m  [["id", 13], ["LIMIT", 1]]
  ↳ app/controllers/cats_controller.rb:30
  Rendering cats/edit.html.erb within layouts/application
  Rendered cats/_form.html.erb (2.1ms)
  Rendered cats/edit.html.erb within layouts/application (6.3ms)
Completed 200 OK in 41ms (Views: 38.2ms | ActiveRecord: 1.2ms)


Started PATCH "/cats/13" for ::1 at 2020-01-24 17:00:13 -0800
Processing by CatsController#update as HTML
  Parameters: {"cat"=>{"name"=>"steve", "birth_date"=>"2019-12-31", "color"=>"white", "sex"=>"M", "description"=>"hi"}, "id"=>"13"}
  [1m[36mCat Load (0.7ms)[0m  [1m[34mSELECT  "cats".* FROM "cats" WHERE "cats"."id" = $1 LIMIT $2[0m  [["id", 13], ["LIMIT", 1]]
  ↳ app/controllers/cats_controller.rb:35
  [1m[35m (1.1ms)[0m  [1m[35mBEGIN[0m
  ↳ app/controllers/cats_controller.rb:36
  [1m[36mCat Update (0.8ms)[0m  [1m[33mUPDATE "cats" SET "description" = $1, "updated_at" = $2 WHERE "cats"."id" = $3[0m  [["description", "hi"], ["updated_at", "2020-01-25 01:00:13.491702"], ["id", 13]]
  ↳ app/controllers/cats_controller.rb:36
  [1m[35m (2.2ms)[0m  [1m[35mCOMMIT[0m
  ↳ app/controllers/cats_controller.rb:36
Redirected to http://localhost:3000/cats/13
Completed 302 Found in 11ms (ActiveRecord: 4.8ms)


Started GET "/cats/13" for ::1 at 2020-01-24 17:00:13 -0800
Processing by CatsController#show as HTML
  Parameters: {"id"=>"13"}
  [1m[36mCat Load (0.9ms)[0m  [1m[34mSELECT  "cats".* FROM "cats" WHERE "cats"."id" = $1 LIMIT $2[0m  [["id", 13], ["LIMIT", 1]]
  ↳ app/controllers/cats_controller.rb:8
  Rendering cats/show.html.erb within layouts/application
  Rendered cats/show.html.erb within layouts/application (1.4ms)
Completed 200 OK in 41ms (Views: 39.2ms | ActiveRecord: 0.9ms)


