  [1m[35m (1.0ms)[0m  [1m[35mDROP TABLE IF EXISTS "courses" CASCADE[0m
  [1m[35m (17.0ms)[0m  [1m[35mCREATE TABLE "courses" ("id" bigserial primary key, "name" character varying, "prereq_id" integer, "instructor_id" integer, "created_at" timestamp NOT NULL, "updated_at" timestamp NOT NULL)[0m
  [1m[35m (0.5ms)[0m  [1m[35mDROP TABLE IF EXISTS "enrollments" CASCADE[0m
  [1m[35m (5.1ms)[0m  [1m[35mCREATE TABLE "enrollments" ("id" bigserial primary key, "course_id" integer, "student_id" integer, "created_at" timestamp NOT NULL, "updated_at" timestamp NOT NULL)[0m
  [1m[35m (0.4ms)[0m  [1m[35mDROP TABLE IF EXISTS "users" CASCADE[0m
  [1m[35m (5.3ms)[0m  [1m[35mCREATE TABLE "users" ("id" bigserial primary key, "name" character varying, "created_at" timestamp NOT NULL, "updated_at" timestamp NOT NULL)[0m
  [1m[35m (4.4ms)[0m  [1m[35mCREATE TABLE "schema_migrations" ("version" character varying NOT NULL PRIMARY KEY)[0m
  [1m[35m (1.2ms)[0m  [1m[34mSELECT "schema_migrations"."version" FROM "schema_migrations" ORDER BY "schema_migrations"."version" ASC[0m
  [1m[35m (2.2ms)[0m  [1m[32mINSERT INTO "schema_migrations" (version) VALUES (20170710184251)[0m
  [1m[35m (0.9ms)[0m  [1m[32mINSERT INTO "schema_migrations" (version) VALUES
(20170710184213),
(20170710184239);

[0m
  [1m[35m (6.3ms)[0m  [1m[35mCREATE TABLE "ar_internal_metadata" ("key" character varying NOT NULL PRIMARY KEY, "value" character varying, "created_at" timestamp NOT NULL, "updated_at" timestamp NOT NULL)[0m
  [1m[36mActiveRecord::InternalMetadata Load (1.0ms)[0m  [1m[34mSELECT  "ar_internal_metadata".* FROM "ar_internal_metadata" WHERE "ar_internal_metadata"."key" = $1 LIMIT $2[0m  [["key", "environment"], ["LIMIT", 1]]
  [1m[35m (0.4ms)[0m  [1m[35mBEGIN[0m
  [1m[35mSQL (1.2ms)[0m  [1m[32mINSERT INTO "ar_internal_metadata" ("key", "value", "created_at", "updated_at") VALUES ($1, $2, $3, $4) RETURNING "key"[0m  [["key", "environment"], ["value", "development"], ["created_at", "2020-01-16 22:30:15.406476"], ["updated_at", "2020-01-16 22:30:15.406476"]]
  [1m[35m (0.3ms)[0m  [1m[35mCOMMIT[0m
  [1m[36mActiveRecord::InternalMetadata Load (0.4ms)[0m  [1m[34mSELECT  "ar_internal_metadata".* FROM "ar_internal_metadata" WHERE "ar_internal_metadata"."key" = $1 LIMIT $2[0m  [["key", "environment"], ["LIMIT", 1]]
  [1m[35m (0.2ms)[0m  [1m[35mBEGIN[0m
  [1m[35m (0.2ms)[0m  [1m[35mCOMMIT[0m
  [1m[35m (0.9ms)[0m  [1m[35mDROP TABLE IF EXISTS "courses" CASCADE[0m
  [1m[35m (12.4ms)[0m  [1m[35mCREATE TABLE "courses" ("id" bigserial primary key, "name" character varying, "prereq_id" integer, "instructor_id" integer, "created_at" timestamp NOT NULL, "updated_at" timestamp NOT NULL)[0m
  [1m[35m (0.4ms)[0m  [1m[35mDROP TABLE IF EXISTS "enrollments" CASCADE[0m
  [1m[35m (4.4ms)[0m  [1m[35mCREATE TABLE "enrollments" ("id" bigserial primary key, "course_id" integer, "student_id" integer, "created_at" timestamp NOT NULL, "updated_at" timestamp NOT NULL)[0m
  [1m[35m (0.7ms)[0m  [1m[35mDROP TABLE IF EXISTS "users" CASCADE[0m
  [1m[35m (7.6ms)[0m  [1m[35mCREATE TABLE "users" ("id" bigserial primary key, "name" character varying, "created_at" timestamp NOT NULL, "updated_at" timestamp NOT NULL)[0m
  [1m[35m (6.3ms)[0m  [1m[35mCREATE TABLE "schema_migrations" ("version" character varying NOT NULL PRIMARY KEY)[0m
  [1m[35m (2.2ms)[0m  [1m[34mSELECT "schema_migrations"."version" FROM "schema_migrations" ORDER BY "schema_migrations"."version" ASC[0m
  [1m[35m (1.5ms)[0m  [1m[32mINSERT INTO "schema_migrations" (version) VALUES (20170710184251)[0m
  [1m[35m (1.5ms)[0m  [1m[32mINSERT INTO "schema_migrations" (version) VALUES
(20170710184213),
(20170710184239);

[0m
  [1m[35m (5.4ms)[0m  [1m[35mCREATE TABLE "ar_internal_metadata" ("key" character varying NOT NULL PRIMARY KEY, "value" character varying, "created_at" timestamp NOT NULL, "updated_at" timestamp NOT NULL)[0m
  [1m[36mActiveRecord::InternalMetadata Load (0.7ms)[0m  [1m[34mSELECT  "ar_internal_metadata".* FROM "ar_internal_metadata" WHERE "ar_internal_metadata"."key" = $1 LIMIT $2[0m  [["key", "environment"], ["LIMIT", 1]]
  [1m[35m (0.3ms)[0m  [1m[35mBEGIN[0m
  [1m[35mSQL (1.0ms)[0m  [1m[32mINSERT INTO "ar_internal_metadata" ("key", "value", "created_at", "updated_at") VALUES ($1, $2, $3, $4) RETURNING "key"[0m  [["key", "environment"], ["value", "development"], ["created_at", "2020-01-16 22:30:15.508917"], ["updated_at", "2020-01-16 22:30:15.508917"]]
  [1m[35m (0.6ms)[0m  [1m[35mCOMMIT[0m
  [1m[36mActiveRecord::InternalMetadata Load (0.5ms)[0m  [1m[34mSELECT  "ar_internal_metadata".* FROM "ar_internal_metadata" WHERE "ar_internal_metadata"."key" = $1 LIMIT $2[0m  [["key", "environment"], ["LIMIT", 1]]
  [1m[35m (0.2ms)[0m  [1m[35mBEGIN[0m
  [1m[35mSQL (0.9ms)[0m  [1m[33mUPDATE "ar_internal_metadata" SET "value" = $1, "updated_at" = $2 WHERE "ar_internal_metadata"."key" = $3[0m  [["value", "test"], ["updated_at", "2020-01-16 22:30:15.518874"], ["key", "environment"]]
  [1m[35m (0.4ms)[0m  [1m[35mCOMMIT[0m
  [1m[35m (1.4ms)[0m  [1m[34mSELECT "schema_migrations"."version" FROM "schema_migrations" ORDER BY "schema_migrations"."version" ASC[0m
  [1m[35m (0.3ms)[0m  [1m[35mBEGIN[0m
  [1m[36mUser Load (0.9ms)[0m  [1m[34mSELECT "users".* FROM "users"[0m
  [1m[35mSQL (0.9ms)[0m  [1m[32mINSERT INTO "users" ("name", "created_at", "updated_at") VALUES ($1, $2, $3) RETURNING "id"[0m  [["name", "CJ"], ["created_at", "2020-01-16 22:30:15.577937"], ["updated_at", "2020-01-16 22:30:15.577937"]]
  [1m[35mSQL (0.4ms)[0m  [1m[32mINSERT INTO "users" ("name", "created_at", "updated_at") VALUES ($1, $2, $3) RETURNING "id"[0m  [["name", "Flarnie"], ["created_at", "2020-01-16 22:30:15.579883"], ["updated_at", "2020-01-16 22:30:15.579883"]]
  [1m[35mSQL (0.3ms)[0m  [1m[32mINSERT INTO "users" ("name", "created_at", "updated_at") VALUES ($1, $2, $3) RETURNING "id"[0m  [["name", "Jeff"], ["created_at", "2020-01-16 22:30:15.580950"], ["updated_at", "2020-01-16 22:30:15.580950"]]
  [1m[35mSQL (0.3ms)[0m  [1m[32mINSERT INTO "users" ("name", "created_at", "updated_at") VALUES ($1, $2, $3) RETURNING "id"[0m  [["name", "Georges St. Pierre"], ["created_at", "2020-01-16 22:30:15.581924"], ["updated_at", "2020-01-16 22:30:15.581924"]]
  [1m[35mSQL (0.3ms)[0m  [1m[32mINSERT INTO "users" ("name", "created_at", "updated_at") VALUES ($1, $2, $3) RETURNING "id"[0m  [["name", "Ned"], ["created_at", "2020-01-16 22:30:15.582828"], ["updated_at", "2020-01-16 22:30:15.582828"]]
  [1m[36mCourse Load (0.6ms)[0m  [1m[34mSELECT "courses".* FROM "courses"[0m
  [1m[35mSQL (0.8ms)[0m  [1m[32mINSERT INTO "courses" ("name", "instructor_id", "created_at", "updated_at") VALUES ($1, $2, $3, $4) RETURNING "id"[0m  [["name", "Ruby 101"], ["instructor_id", 5], ["created_at", "2020-01-16 22:30:15.600212"], ["updated_at", "2020-01-16 22:30:15.600212"]]
  [1m[35mSQL (0.4ms)[0m  [1m[32mINSERT INTO "courses" ("name", "prereq_id", "instructor_id", "created_at", "updated_at") VALUES ($1, $2, $3, $4, $5) RETURNING "id"[0m  [["name", "Ruby 102"], ["prereq_id", 1], ["instructor_id", 5], ["created_at", "2020-01-16 22:30:15.602241"], ["updated_at", "2020-01-16 22:30:15.602241"]]
  [1m[36mEnrollment Load (0.9ms)[0m  [1m[34mSELECT "enrollments".* FROM "enrollments"[0m
  [1m[35mSQL (0.7ms)[0m  [1m[32mINSERT INTO "enrollments" ("course_id", "student_id", "created_at", "updated_at") VALUES ($1, $2, $3, $4) RETURNING "id"[0m  [["course_id", 1], ["student_id", 3], ["created_at", "2020-01-16 22:30:15.617919"], ["updated_at", "2020-01-16 22:30:15.617919"]]
  [1m[35mSQL (0.8ms)[0m  [1m[32mINSERT INTO "enrollments" ("course_id", "student_id", "created_at", "updated_at") VALUES ($1, $2, $3, $4) RETURNING "id"[0m  [["course_id", 1], ["student_id", 4], ["created_at", "2020-01-16 22:30:15.619717"], ["updated_at", "2020-01-16 22:30:15.619717"]]
  [1m[35mSQL (0.6ms)[0m  [1m[32mINSERT INTO "enrollments" ("course_id", "student_id", "created_at", "updated_at") VALUES ($1, $2, $3, $4) RETURNING "id"[0m  [["course_id", 2], ["student_id", 1], ["created_at", "2020-01-16 22:30:15.622340"], ["updated_at", "2020-01-16 22:30:15.622340"]]
  [1m[35mSQL (0.4ms)[0m  [1m[32mINSERT INTO "enrollments" ("course_id", "student_id", "created_at", "updated_at") VALUES ($1, $2, $3, $4) RETURNING "id"[0m  [["course_id", 2], ["student_id", 2], ["created_at", "2020-01-16 22:30:15.624450"], ["updated_at", "2020-01-16 22:30:15.624450"]]
  [1m[35m (2.3ms)[0m  [1m[35mCOMMIT[0m
  [1m[35m (1.9ms)[0m  [1m[34mSELECT "schema_migrations"."version" FROM "schema_migrations" ORDER BY "schema_migrations"."version" ASC[0m
  [1m[36mUser Load (0.8ms)[0m  [1m[34mSELECT "users".* FROM "users"[0m
  [1m[36mEnrollment Load (1.1ms)[0m  [1m[34mSELECT  "enrollments".* FROM "enrollments" ORDER BY "enrollments"."id" ASC LIMIT $1[0m  [["LIMIT", 1]]
  [1m[36mUser Load (0.9ms)[0m  [1m[34mSELECT  "users".* FROM "users" WHERE "users"."id" = $1 LIMIT $2[0m  [["id", 3], ["LIMIT", 1]]
  [1m[36mEnrollment Load (0.6ms)[0m  [1m[34mSELECT  "enrollments".* FROM "enrollments" ORDER BY "enrollments"."id" ASC LIMIT $1[0m  [["LIMIT", 1]]
  [1m[36mCourse Load (0.7ms)[0m  [1m[34mSELECT  "courses".* FROM "courses" WHERE "courses"."id" = $1 LIMIT $2[0m  [["id", 1], ["LIMIT", 1]]
  [1m[36mUser Load (0.4ms)[0m  [1m[34mSELECT  "users".* FROM "users" ORDER BY "users"."id" ASC LIMIT $1[0m  [["LIMIT", 1]]
  [1m[36mEnrollment Load (0.5ms)[0m  [1m[34mSELECT "enrollments".* FROM "enrollments" WHERE "enrollments"."student_id" = $1[0m  [["student_id", 1]]
  [1m[36mUser Load (0.5ms)[0m  [1m[34mSELECT  "users".* FROM "users" ORDER BY "users"."id" ASC LIMIT $1[0m  [["LIMIT", 1]]
  [1m[36mCourse Load (0.4ms)[0m  [1m[34mSELECT  "courses".* FROM "courses" ORDER BY "courses"."id" ASC LIMIT $1[0m  [["LIMIT", 1]]
  [1m[36mEnrollment Load (0.4ms)[0m  [1m[34mSELECT "enrollments".* FROM "enrollments" WHERE "enrollments"."course_id" = $1[0m  [["course_id", 1]]
  [1m[36mUser Load (0.4ms)[0m  [1m[34mSELECT  "users".* FROM "users" ORDER BY "users"."id" ASC LIMIT $1[0m  [["LIMIT", 1]]
  [1m[36mCourse Load (1.5ms)[0m  [1m[34mSELECT "courses".* FROM "courses" INNER JOIN "enrollments" ON "courses"."id" = "enrollments"."course_id" WHERE "enrollments"."student_id" = $1[0m  [["student_id", 1]]
  [1m[36mCourse Load (0.5ms)[0m  [1m[34mSELECT  "courses".* FROM "courses" ORDER BY "courses"."id" ASC LIMIT $1[0m  [["LIMIT", 1]]
  [1m[36mCourse Load (0.5ms)[0m  [1m[34mSELECT  "courses".* FROM "courses" ORDER BY "courses"."id" ASC LIMIT $1[0m  [["LIMIT", 1]]
  [1m[36mCourse Load (0.7ms)[0m  [1m[34mSELECT  "courses".* FROM "courses" ORDER BY "courses"."id" ASC LIMIT $1[0m  [["LIMIT", 1]]
  [1m[36mUser Load (0.7ms)[0m  [1m[34mSELECT "users".* FROM "users" INNER JOIN "enrollments" ON "users"."id" = "enrollments"."student_id" WHERE "enrollments"."course_id" = $1[0m  [["course_id", 1]]
  [1m[36mCourse Load (0.4ms)[0m  [1m[34mSELECT  "courses".* FROM "courses" ORDER BY "courses"."id" DESC LIMIT $1[0m  [["LIMIT", 1]]
  [1m[36mCourse Load (0.5ms)[0m  [1m[34mSELECT  "courses".* FROM "courses" ORDER BY "courses"."id" DESC LIMIT $1[0m  [["LIMIT", 1]]
  [1m[36mCourse Load (0.5ms)[0m  [1m[34mSELECT  "courses".* FROM "courses" WHERE "courses"."prereq_id" = $1 LIMIT $2[0m  [["prereq_id", 2], ["LIMIT", 1]]
  [1m[36mCourse Load (0.3ms)[0m  [1m[34mSELECT  "courses".* FROM "courses" ORDER BY "courses"."id" DESC LIMIT $1[0m  [["LIMIT", 1]]
  [1m[36mCourse Load (0.6ms)[0m  [1m[34mSELECT  "courses".* FROM "courses" WHERE "courses"."id" = $1 LIMIT $2[0m  [["id", 1], ["LIMIT", 1]]
  [1m[36mCourse Load (0.4ms)[0m  [1m[34mSELECT  "courses".* FROM "courses" ORDER BY "courses"."id" ASC LIMIT $1[0m  [["LIMIT", 1]]
  [1m[36mUser Load (0.7ms)[0m  [1m[34mSELECT  "users".* FROM "users" WHERE "users"."id" = $1 LIMIT $2[0m  [["id", 5], ["LIMIT", 1]]
  [1m[36mCourse Load (0.4ms)[0m  [1m[34mSELECT  "courses".* FROM "courses" ORDER BY "courses"."id" ASC LIMIT $1[0m  [["LIMIT", 1]]
  [1m[36mUser Load (0.4ms)[0m  [1m[34mSELECT  "users".* FROM "users" WHERE "users"."id" = $1 LIMIT $2[0m  [["id", 5], ["LIMIT", 1]]
  [1m[36mUser Load (0.4ms)[0m  [1m[34mSELECT  "users".* FROM "users" ORDER BY "users"."id" DESC LIMIT $1[0m  [["LIMIT", 1]]
  [1m[36mCourse Load (0.6ms)[0m  [1m[34mSELECT "courses".* FROM "courses" WHERE "courses"."instructor_id" = $1[0m  [["instructor_id", 5]]
  [1m[36mUser Load (0.7ms)[0m  [1m[34mSELECT  "users".* FROM "users" ORDER BY "users"."id" ASC LIMIT $1[0m  [["LIMIT", 1]]
  [1m[36mCourse Load (0.4ms)[0m  [1m[34mSELECT "courses".* FROM "courses" WHERE "courses"."instructor_id" = $1[0m  [["instructor_id", 1]]
  [1m[36mCourse Load (0.5ms)[0m  [1m[34mSELECT  "courses".* FROM "courses" ORDER BY "courses"."id" DESC LIMIT $1[0m  [["LIMIT", 1]]
  [1m[36mCourse Load (0.4ms)[0m  [1m[34mSELECT  "courses".* FROM "courses" WHERE "courses"."id" = $1 LIMIT $2[0m  [["id", 1], ["LIMIT", 1]]
  [1m[36mCourse Load (1.0ms)[0m  [1m[34mSELECT "courses".* FROM "courses"[0m
  [1m[36mCourse Load (0.5ms)[0m  [1m[34mSELECT  "courses".* FROM "courses" ORDER BY "courses"."id" ASC LIMIT $1[0m  [["LIMIT", 1]]
  [1m[36mEnrollment Load (0.9ms)[0m  [1m[34mSELECT "enrollments".* FROM "enrollments" WHERE "enrollments"."course_id" = $1[0m  [["course_id", 1]]
  [1m[36mUser Load (1.3ms)[0m  [1m[34mSELECT "users".* FROM "users" INNER JOIN "enrollments" ON "users"."id" = "enrollments"."student_id" WHERE "enrollments"."course_id" = $1[0m  [["course_id", 1]]
  [1m[36mCourse Load (0.3ms)[0m  [1m[34mSELECT  "courses".* FROM "courses" WHERE "courses"."id" = $1 LIMIT $2[0m  [["id", nil], ["LIMIT", 1]]
  [1m[36mCourse Load (0.5ms)[0m  [1m[34mSELECT  "courses".* FROM "courses" ORDER BY "courses"."id" ASC LIMIT $1[0m  [["LIMIT", 1]]
  [1m[36mUser Load (0.4ms)[0m  [1m[34mSELECT  "users".* FROM "users" WHERE "users"."id" = $1 LIMIT $2[0m  [["id", 5], ["LIMIT", 1]]
  [1m[35m (1.2ms)[0m  [1m[34mSELECT "schema_migrations"."version" FROM "schema_migrations" ORDER BY "schema_migrations"."version" ASC[0m
  [1m[35m (0.2ms)[0m  [1m[35mBEGIN[0m
  [1m[36mUser Load (0.7ms)[0m  [1m[34mSELECT "users".* FROM "users"[0m
  [1m[35mSQL (1.1ms)[0m  [1m[31mDELETE FROM "users" WHERE "users"."id" = $1[0m  [["id", 1]]
  [1m[35mSQL (0.5ms)[0m  [1m[31mDELETE FROM "users" WHERE "users"."id" = $1[0m  [["id", 2]]
  [1m[35mSQL (0.4ms)[0m  [1m[31mDELETE FROM "users" WHERE "users"."id" = $1[0m  [["id", 3]]
  [1m[35mSQL (0.4ms)[0m  [1m[31mDELETE FROM "users" WHERE "users"."id" = $1[0m  [["id", 4]]
  [1m[35mSQL (0.3ms)[0m  [1m[31mDELETE FROM "users" WHERE "users"."id" = $1[0m  [["id", 5]]
  [1m[35mSQL (0.6ms)[0m  [1m[32mINSERT INTO "users" ("name", "created_at", "updated_at") VALUES ($1, $2, $3) RETURNING "id"[0m  [["name", "CJ"], ["created_at", "2020-01-16 23:15:40.749908"], ["updated_at", "2020-01-16 23:15:40.749908"]]
  [1m[35mSQL (0.3ms)[0m  [1m[32mINSERT INTO "users" ("name", "created_at", "updated_at") VALUES ($1, $2, $3) RETURNING "id"[0m  [["name", "Flarnie"], ["created_at", "2020-01-16 23:15:40.752209"], ["updated_at", "2020-01-16 23:15:40.752209"]]
  [1m[35mSQL (0.3ms)[0m  [1m[32mINSERT INTO "users" ("name", "created_at", "updated_at") VALUES ($1, $2, $3) RETURNING "id"[0m  [["name", "Jeff"], ["created_at", "2020-01-16 23:15:40.753878"], ["updated_at", "2020-01-16 23:15:40.753878"]]
  [1m[35mSQL (0.3ms)[0m  [1m[32mINSERT INTO "users" ("name", "created_at", "updated_at") VALUES ($1, $2, $3) RETURNING "id"[0m  [["name", "Georges St. Pierre"], ["created_at", "2020-01-16 23:15:40.755395"], ["updated_at", "2020-01-16 23:15:40.755395"]]
  [1m[35mSQL (0.3ms)[0m  [1m[32mINSERT INTO "users" ("name", "created_at", "updated_at") VALUES ($1, $2, $3) RETURNING "id"[0m  [["name", "Ned"], ["created_at", "2020-01-16 23:15:40.756895"], ["updated_at", "2020-01-16 23:15:40.756895"]]
  [1m[36mCourse Load (0.7ms)[0m  [1m[34mSELECT "courses".* FROM "courses"[0m
  [1m[35mSQL (0.5ms)[0m  [1m[31mDELETE FROM "courses" WHERE "courses"."id" = $1[0m  [["id", 1]]
  [1m[35mSQL (0.3ms)[0m  [1m[31mDELETE FROM "courses" WHERE "courses"."id" = $1[0m  [["id", 2]]
  [1m[36mUser Load (0.4ms)[0m  [1m[34mSELECT  "users".* FROM "users" WHERE "users"."id" = $1 LIMIT $2[0m  [["id", 10], ["LIMIT", 1]]
  [1m[35m (0.3ms)[0m  [1m[31mROLLBACK[0m
  [1m[35m (1.0ms)[0m  [1m[34mSELECT "schema_migrations"."version" FROM "schema_migrations" ORDER BY "schema_migrations"."version" ASC[0m
  [1m[35m (0.2ms)[0m  [1m[35mBEGIN[0m
  [1m[36mUser Load (0.8ms)[0m  [1m[34mSELECT "users".* FROM "users"[0m
  [1m[35mSQL (0.7ms)[0m  [1m[31mDELETE FROM "users" WHERE "users"."id" = $1[0m  [["id", 1]]
  [1m[35mSQL (0.3ms)[0m  [1m[31mDELETE FROM "users" WHERE "users"."id" = $1[0m  [["id", 2]]
  [1m[35mSQL (0.3ms)[0m  [1m[31mDELETE FROM "users" WHERE "users"."id" = $1[0m  [["id", 3]]
  [1m[35mSQL (0.3ms)[0m  [1m[31mDELETE FROM "users" WHERE "users"."id" = $1[0m  [["id", 4]]
  [1m[35mSQL (0.3ms)[0m  [1m[31mDELETE FROM "users" WHERE "users"."id" = $1[0m  [["id", 5]]
  [1m[35mSQL (0.6ms)[0m  [1m[32mINSERT INTO "users" ("name", "created_at", "updated_at") VALUES ($1, $2, $3) RETURNING "id"[0m  [["name", "CJ"], ["created_at", "2020-01-16 23:16:20.896200"], ["updated_at", "2020-01-16 23:16:20.896200"]]
  [1m[35mSQL (0.3ms)[0m  [1m[32mINSERT INTO "users" ("name", "created_at", "updated_at") VALUES ($1, $2, $3) RETURNING "id"[0m  [["name", "Flarnie"], ["created_at", "2020-01-16 23:16:20.898528"], ["updated_at", "2020-01-16 23:16:20.898528"]]
  [1m[35mSQL (0.3ms)[0m  [1m[32mINSERT INTO "users" ("name", "created_at", "updated_at") VALUES ($1, $2, $3) RETURNING "id"[0m  [["name", "Jeff"], ["created_at", "2020-01-16 23:16:20.900135"], ["updated_at", "2020-01-16 23:16:20.900135"]]
  [1m[35mSQL (0.3ms)[0m  [1m[32mINSERT INTO "users" ("name", "created_at", "updated_at") VALUES ($1, $2, $3) RETURNING "id"[0m  [["name", "Georges St. Pierre"], ["created_at", "2020-01-16 23:16:20.901765"], ["updated_at", "2020-01-16 23:16:20.901765"]]
  [1m[35mSQL (0.3ms)[0m  [1m[32mINSERT INTO "users" ("name", "created_at", "updated_at") VALUES ($1, $2, $3) RETURNING "id"[0m  [["name", "Ned"], ["created_at", "2020-01-16 23:16:20.903281"], ["updated_at", "2020-01-16 23:16:20.903281"]]
  [1m[36mCourse Load (0.7ms)[0m  [1m[34mSELECT "courses".* FROM "courses"[0m
  [1m[35mSQL (0.5ms)[0m  [1m[31mDELETE FROM "courses" WHERE "courses"."id" = $1[0m  [["id", 1]]
  [1m[35mSQL (0.4ms)[0m  [1m[31mDELETE FROM "courses" WHERE "courses"."id" = $1[0m  [["id", 2]]
  [1m[36mUser Load (0.6ms)[0m  [1m[34mSELECT  "users".* FROM "users" WHERE "users"."id" = $1 LIMIT $2[0m  [["id", 15], ["LIMIT", 1]]
  [1m[35mSQL (0.5ms)[0m  [1m[32mINSERT INTO "courses" ("name", "instructor_id", "created_at", "updated_at") VALUES ($1, $2, $3, $4) RETURNING "id"[0m  [["name", "Ruby 101"], ["instructor_id", 15], ["created_at", "2020-01-16 23:16:20.948071"], ["updated_at", "2020-01-16 23:16:20.948071"]]
  [1m[36mUser Load (0.3ms)[0m  [1m[34mSELECT  "users".* FROM "users" WHERE "users"."id" = $1 LIMIT $2[0m  [["id", 15], ["LIMIT", 1]]
  [1m[35mSQL (0.4ms)[0m  [1m[32mINSERT INTO "courses" ("name", "prereq_id", "instructor_id", "created_at", "updated_at") VALUES ($1, $2, $3, $4, $5) RETURNING "id"[0m  [["name", "Ruby 102"], ["prereq_id", 3], ["instructor_id", 15], ["created_at", "2020-01-16 23:16:20.951942"], ["updated_at", "2020-01-16 23:16:20.951942"]]
  [1m[36mEnrollment Load (1.1ms)[0m  [1m[34mSELECT "enrollments".* FROM "enrollments"[0m
  [1m[35mSQL (0.6ms)[0m  [1m[31mDELETE FROM "enrollments" WHERE "enrollments"."id" = $1[0m  [["id", 1]]
  [1m[35mSQL (0.4ms)[0m  [1m[31mDELETE FROM "enrollments" WHERE "enrollments"."id" = $1[0m  [["id", 2]]
  [1m[35mSQL (0.4ms)[0m  [1m[31mDELETE FROM "enrollments" WHERE "enrollments"."id" = $1[0m  [["id", 3]]
  [1m[35mSQL (0.3ms)[0m  [1m[31mDELETE FROM "enrollments" WHERE "enrollments"."id" = $1[0m  [["id", 4]]
  [1m[36mCourse Load (0.4ms)[0m  [1m[34mSELECT  "courses".* FROM "courses" WHERE "courses"."id" = $1 LIMIT $2[0m  [["id", 3], ["LIMIT", 1]]
  [1m[36mUser Load (0.4ms)[0m  [1m[34mSELECT  "users".* FROM "users" WHERE "users"."id" = $1 LIMIT $2[0m  [["id", 13], ["LIMIT", 1]]
  [1m[35mSQL (0.5ms)[0m  [1m[32mINSERT INTO "enrollments" ("course_id", "student_id", "created_at", "updated_at") VALUES ($1, $2, $3, $4) RETURNING "id"[0m  [["course_id", 3], ["student_id", 13], ["created_at", "2020-01-16 23:16:20.991770"], ["updated_at", "2020-01-16 23:16:20.991770"]]
  [1m[36mCourse Load (0.3ms)[0m  [1m[34mSELECT  "courses".* FROM "courses" WHERE "courses"."id" = $1 LIMIT $2[0m  [["id", 3], ["LIMIT", 1]]
  [1m[36mUser Load (0.3ms)[0m  [1m[34mSELECT  "users".* FROM "users" WHERE "users"."id" = $1 LIMIT $2[0m  [["id", 14], ["LIMIT", 1]]
  [1m[35mSQL (0.4ms)[0m  [1m[32mINSERT INTO "enrollments" ("course_id", "student_id", "created_at", "updated_at") VALUES ($1, $2, $3, $4) RETURNING "id"[0m  [["course_id", 3], ["student_id", 14], ["created_at", "2020-01-16 23:16:20.996727"], ["updated_at", "2020-01-16 23:16:20.996727"]]
  [1m[36mCourse Load (0.3ms)[0m  [1m[34mSELECT  "courses".* FROM "courses" WHERE "courses"."id" = $1 LIMIT $2[0m  [["id", 4], ["LIMIT", 1]]
  [1m[36mUser Load (0.3ms)[0m  [1m[34mSELECT  "users".* FROM "users" WHERE "users"."id" = $1 LIMIT $2[0m  [["id", 11], ["LIMIT", 1]]
  [1m[35mSQL (0.3ms)[0m  [1m[32mINSERT INTO "enrollments" ("course_id", "student_id", "created_at", "updated_at") VALUES ($1, $2, $3, $4) RETURNING "id"[0m  [["course_id", 4], ["student_id", 11], ["created_at", "2020-01-16 23:16:21.000940"], ["updated_at", "2020-01-16 23:16:21.000940"]]
  [1m[36mCourse Load (0.3ms)[0m  [1m[34mSELECT  "courses".* FROM "courses" WHERE "courses"."id" = $1 LIMIT $2[0m  [["id", 4], ["LIMIT", 1]]
  [1m[36mUser Load (0.3ms)[0m  [1m[34mSELECT  "users".* FROM "users" WHERE "users"."id" = $1 LIMIT $2[0m  [["id", 12], ["LIMIT", 1]]
  [1m[35mSQL (0.4ms)[0m  [1m[32mINSERT INTO "enrollments" ("course_id", "student_id", "created_at", "updated_at") VALUES ($1, $2, $3, $4) RETURNING "id"[0m  [["course_id", 4], ["student_id", 12], ["created_at", "2020-01-16 23:16:21.005128"], ["updated_at", "2020-01-16 23:16:21.005128"]]
  [1m[35m (2.3ms)[0m  [1m[35mCOMMIT[0m
  [1m[36mUser Load (0.5ms)[0m  [1m[34mSELECT  "users".* FROM "users" ORDER BY "users"."id" ASC LIMIT $1[0m  [["LIMIT", 1]]
  [1m[36mEnrollment Load (0.6ms)[0m  [1m[34mSELECT "enrollments".* FROM "enrollments" WHERE "enrollments"."student_id" = $1[0m  [["student_id", 11]]
  [1m[36mCourse Load (1.2ms)[0m  [1m[34mSELECT "courses".* FROM "courses" INNER JOIN "enrollments" ON "courses"."id" = "enrollments"."course_id" WHERE "enrollments"."student_id" = $1[0m  [["student_id", 11]]
  [1m[36mCourse Load (0.3ms)[0m  [1m[34mSELECT "courses".* FROM "courses" WHERE "courses"."instructor_id" = $1[0m  [["instructor_id", 11]]
  [1m[36mEnrollment Load (0.4ms)[0m  [1m[34mSELECT  "enrollments".* FROM "enrollments" ORDER BY "enrollments"."id" ASC LIMIT $1[0m  [["LIMIT", 1]]
  [1m[36mCourse Load (0.4ms)[0m  [1m[34mSELECT  "courses".* FROM "courses" WHERE "courses"."id" = $1 LIMIT $2[0m  [["id", 3], ["LIMIT", 1]]
  [1m[36mUser Load (0.4ms)[0m  [1m[34mSELECT  "users".* FROM "users" WHERE "users"."id" = $1 LIMIT $2[0m  [["id", 13], ["LIMIT", 1]]
  [1m[36mUser Load (0.4ms)[0m  [1m[34mSELECT  "users".* FROM "users" ORDER BY "users"."id" ASC LIMIT $1 OFFSET $2[0m  [["LIMIT", 1], ["OFFSET", 4]]
  [1m[36mCourse Load (0.5ms)[0m  [1m[34mSELECT "courses".* FROM "courses" WHERE "courses"."instructor_id" = $1[0m  [["instructor_id", 15]]
